2025-08-12 11:50:10,208 - INFO - 开始爬取关键词：青少年，目标图片数量：20
2025-08-12 11:50:19,650 - INFO - 关键词 青少年 找到 16 张图片URL
2025-08-12 11:50:19,651 - INFO - 开始爬取关键词：高中生，目标图片数量：20
2025-08-12 11:50:29,550 - INFO - 关键词 高中生 找到 13 张图片URL
2025-08-12 11:50:29,551 - INFO - 开始爬取关键词：大学生，目标图片数量：20
2025-08-12 11:50:37,310 - INFO - 关键词 大学生 找到 9 张图片URL
2025-08-12 11:50:37,311 - INFO - 开始爬取关键词：年轻人，目标图片数量：20
2025-08-12 11:50:47,080 - INFO - 关键词 年轻人 找到 15 张图片URL
2025-08-12 11:50:47,081 - INFO - 开始爬取关键词：青春期，目标图片数量：20
2025-08-12 11:50:56,873 - INFO - 关键词 青春期 找到 15 张图片URL
2025-08-12 11:50:56,873 - INFO - 开始爬取关键词：中年，目标图片数量：20
2025-08-12 11:51:06,589 - INFO - 关键词 中年 找到 13 张图片URL
2025-08-12 11:51:06,591 - INFO - 开始爬取关键词：老年人，目标图片数量：20
2025-08-12 11:51:16,410 - INFO - 关键词 老年人 找到 13 张图片URL
2025-08-12 11:51:16,410 - INFO - 开始爬取关键词：Z世代，目标图片数量：20
2025-08-12 11:51:26,122 - INFO - 关键词 Z世代 找到 11 张图片URL
2025-08-12 11:51:26,123 - INFO - 开始爬取关键词：千禧世代，目标图片数量：20
2025-08-12 11:51:35,796 - INFO - 关键词 千禧世代 找到 12 张图片URL
2025-08-12 11:51:35,796 - INFO - 开始爬取关键词：学生，目标图片数量：20
2025-08-12 11:51:43,460 - INFO - 关键词 学生 找到 11 张图片URL
2025-08-12 11:51:43,793 - INFO - 爬取完成，所有图片URL已保存到 image_urls_demo.txt
