2025-08-12 16:36:50,270 - INFO - 开始爬取关键词：青少年，目标图片数量：20
2025-08-12 16:37:01,108 - INFO - 关键词 青少年 找到 18 张图片URL
2025-08-12 16:37:01,108 - INFO - 开始爬取关键词：高中生，目标图片数量：20
2025-08-12 16:37:08,841 - INFO - 关键词 高中生 找到 18 张图片URL
2025-08-12 16:37:08,841 - INFO - 开始爬取关键词：大学生，目标图片数量：20
2025-08-12 16:37:16,487 - INFO - 关键词 大学生 找到 20 张图片URL
2025-08-12 16:37:16,487 - INFO - 开始爬取关键词：年轻人，目标图片数量：20
2025-08-12 16:37:24,111 - INFO - 关键词 年轻人 找到 17 张图片URL
2025-08-12 16:37:24,111 - INFO - 开始爬取关键词：青春期，目标图片数量：20
2025-08-12 16:37:31,747 - INFO - 关键词 青春期 找到 20 张图片URL
2025-08-12 16:37:31,748 - INFO - 开始爬取关键词：中年，目标图片数量：20
2025-08-12 16:37:39,363 - INFO - 关键词 中年 找到 17 张图片URL
2025-08-12 16:37:39,364 - INFO - 开始爬取关键词：老年人，目标图片数量：20
2025-08-12 16:37:46,966 - INFO - 关键词 老年人 找到 14 张图片URL
2025-08-12 16:37:46,967 - INFO - 开始爬取关键词：Z世代，目标图片数量：20
2025-08-12 16:37:54,643 - INFO - 关键词 Z世代 找到 18 张图片URL
2025-08-12 16:37:54,644 - INFO - 开始爬取关键词：千禧世代，目标图片数量：20
2025-08-12 16:38:02,254 - INFO - 关键词 千禧世代 找到 18 张图片URL
2025-08-12 16:38:02,255 - INFO - 开始爬取关键词：学生，目标图片数量：20
2025-08-12 16:38:10,027 - INFO - 关键词 学生 找到 20 张图片URL
2025-08-12 16:38:10,028 - INFO - 开始爬取关键词：自由职业者，目标图片数量：20
2025-08-12 16:38:17,783 - INFO - 关键词 自由职业者 找到 18 张图片URL
2025-08-12 16:38:17,783 - INFO - 开始爬取关键词：上班族，目标图片数量：20
2025-08-12 16:38:25,374 - INFO - 关键词 上班族 找到 18 张图片URL
2025-08-12 16:38:25,374 - INFO - 开始爬取关键词：退休人士，目标图片数量：20
2025-08-12 16:38:33,078 - INFO - 关键词 退休人士 找到 20 张图片URL
2025-08-12 16:38:33,079 - INFO - 开始爬取关键词：家庭主妇/家庭主夫，目标图片数量：20
2025-08-12 16:38:40,684 - INFO - 关键词 家庭主妇/家庭主夫 找到 16 张图片URL
2025-08-12 16:38:40,685 - INFO - 开始爬取关键词：创业者，目标图片数量：20
2025-08-12 16:38:48,418 - INFO - 关键词 创业者 找到 18 张图片URL
2025-08-12 16:38:48,419 - INFO - 开始爬取关键词：程序员，目标图片数量：20
2025-08-12 16:38:56,019 - INFO - 关键词 程序员 找到 16 张图片URL
2025-08-12 16:38:56,019 - INFO - 开始爬取关键词：会计，目标图片数量：20
2025-08-12 16:39:03,667 - INFO - 关键词 会计 找到 18 张图片URL
2025-08-12 16:39:03,667 - INFO - 开始爬取关键词：服装设计师，目标图片数量：20
2025-08-12 16:39:11,264 - INFO - 关键词 服装设计师 找到 17 张图片URL
2025-08-12 16:39:11,264 - INFO - 开始爬取关键词：销售人员，目标图片数量：20
2025-08-12 16:39:18,873 - INFO - 关键词 销售人员 找到 17 张图片URL
2025-08-12 16:39:18,873 - INFO - 开始爬取关键词：摄影师，目标图片数量：20
2025-08-12 16:39:26,509 - INFO - 关键词 摄影师 找到 20 张图片URL
2025-08-12 16:39:26,510 - INFO - 开始爬取关键词：律师，目标图片数量：20
2025-08-12 16:39:34,294 - INFO - 关键词 律师 找到 17 张图片URL
2025-08-12 16:39:34,295 - INFO - 开始爬取关键词：教师，目标图片数量：20
2025-08-12 16:39:42,267 - INFO - 关键词 教师 找到 16 张图片URL
2025-08-12 16:39:42,268 - INFO - 开始爬取关键词：司机，目标图片数量：20
2025-08-12 16:39:49,997 - INFO - 关键词 司机 找到 18 张图片URL
2025-08-12 16:39:50,012 - INFO - 开始爬取关键词：绘画，目标图片数量：20
2025-08-12 16:39:57,822 - INFO - 关键词 绘画 找到 17 张图片URL
2025-08-12 16:39:57,822 - INFO - 开始爬取关键词：摄影，目标图片数量：20
2025-08-12 16:40:05,469 - INFO - 关键词 摄影 找到 20 张图片URL
2025-08-12 16:40:05,469 - INFO - 开始爬取关键词：组建乐队，目标图片数量：20
2025-08-12 16:40:13,311 - INFO - 关键词 组建乐队 找到 16 张图片URL
2025-08-12 16:40:13,312 - INFO - 开始爬取关键词：看电影，目标图片数量：20
2025-08-12 16:40:20,943 - INFO - 关键词 看电影 找到 17 张图片URL
2025-08-12 16:40:20,944 - INFO - 开始爬取关键词：桌游，目标图片数量：20
2025-08-12 16:40:28,547 - INFO - 关键词 桌游 找到 15 张图片URL
2025-08-12 16:40:28,548 - INFO - 开始爬取关键词：书法，目标图片数量：20
2025-08-12 16:40:36,230 - INFO - 关键词 书法 找到 15 张图片URL
2025-08-12 16:40:36,230 - INFO - 开始爬取关键词：慢跑，目标图片数量：20
2025-08-12 16:40:43,917 - INFO - 关键词 慢跑 找到 18 张图片URL
2025-08-12 16:40:43,917 - INFO - 开始爬取关键词：打篮球，目标图片数量：20
2025-08-12 16:40:51,585 - INFO - 关键词 打篮球 找到 13 张图片URL
2025-08-12 16:40:51,586 - INFO - 开始爬取关键词：游泳，目标图片数量：20
2025-08-12 16:40:59,202 - INFO - 关键词 游泳 找到 17 张图片URL
2025-08-12 16:40:59,203 - INFO - 开始爬取关键词：露营，目标图片数量：20
2025-08-12 16:41:07,021 - INFO - 关键词 露营 找到 16 张图片URL
2025-08-12 16:41:07,021 - INFO - 开始爬取关键词：徒步，目标图片数量：20
2025-08-12 16:41:14,812 - INFO - 关键词 徒步 找到 19 张图片URL
2025-08-12 16:41:14,812 - INFO - 开始爬取关键词：钓鱼，目标图片数量：20
2025-08-12 16:41:22,475 - INFO - 关键词 钓鱼 找到 16 张图片URL
2025-08-12 16:41:22,475 - INFO - 开始爬取关键词：外语学习，目标图片数量：20
2025-08-12 16:41:30,043 - INFO - 关键词 外语学习 找到 18 张图片URL
2025-08-12 16:41:30,043 - INFO - 开始爬取关键词：阅读，目标图片数量：20
2025-08-12 16:41:37,614 - INFO - 关键词 阅读 找到 17 张图片URL
2025-08-12 16:41:37,615 - INFO - 开始爬取关键词：写作，目标图片数量：20
2025-08-12 16:41:45,244 - INFO - 关键词 写作 找到 12 张图片URL
2025-08-12 16:41:45,245 - INFO - 开始爬取关键词：折纸，目标图片数量：20
2025-08-12 16:41:52,891 - INFO - 关键词 折纸 找到 16 张图片URL
2025-08-12 16:41:52,892 - INFO - 开始爬取关键词：烘焙，目标图片数量：20
2025-08-12 16:42:00,570 - INFO - 关键词 烘焙 找到 17 张图片URL
2025-08-12 16:42:00,570 - INFO - 开始爬取关键词：园艺，目标图片数量：20
2025-08-12 16:42:08,180 - INFO - 关键词 园艺 找到 17 张图片URL
2025-08-12 16:42:08,181 - INFO - 开始爬取关键词：开朗的，目标图片数量：20
2025-08-12 16:42:15,854 - INFO - 关键词 开朗的 找到 19 张图片URL
2025-08-12 16:42:15,854 - INFO - 开始爬取关键词：健谈的，目标图片数量：20
2025-08-12 16:42:23,551 - INFO - 关键词 健谈的 找到 17 张图片URL
2025-08-12 16:42:23,551 - INFO - 开始爬取关键词：亲切的，目标图片数量：20
2025-08-12 16:42:31,331 - INFO - 关键词 亲切的 找到 17 张图片URL
2025-08-12 16:42:31,332 - INFO - 开始爬取关键词：文静的，目标图片数量：20
2025-08-12 16:42:39,226 - INFO - 关键词 文静的 找到 16 张图片URL
2025-08-12 16:42:39,227 - INFO - 开始爬取关键词：内向的，目标图片数量：20
2025-08-12 16:42:46,884 - INFO - 关键词 内向的 找到 17 张图片URL
2025-08-12 16:42:46,885 - INFO - 开始爬取关键词：腼腆的，目标图片数量：20
2025-08-12 16:42:54,512 - INFO - 关键词 腼腆的 找到 16 张图片URL
2025-08-12 16:42:54,513 - INFO - 开始爬取关键词：可靠的，目标图片数量：20
2025-08-12 16:43:02,085 - INFO - 关键词 可靠的 找到 19 张图片URL
2025-08-12 16:43:02,085 - INFO - 开始爬取关键词：务实的，目标图片数量：20
2025-08-12 16:43:09,697 - INFO - 关键词 务实的 找到 17 张图片URL
2025-08-12 16:43:09,697 - INFO - 开始爬取关键词：细心的，目标图片数量：20
2025-08-12 16:43:17,292 - INFO - 关键词 细心的 找到 18 张图片URL
2025-08-12 16:43:17,292 - INFO - 开始爬取关键词：好奇的，目标图片数量：20
2025-08-12 16:43:24,990 - INFO - 关键词 好奇的 找到 17 张图片URL
2025-08-12 16:43:24,990 - INFO - 开始爬取关键词：富有想象力的，目标图片数量：20
2025-08-12 16:43:32,582 - INFO - 关键词 富有想象力的 找到 16 张图片URL
2025-08-12 16:43:32,583 - INFO - 开始爬取关键词：机灵的，目标图片数量：20
2025-08-12 16:43:40,277 - INFO - 关键词 机灵的 找到 19 张图片URL
2025-08-12 16:43:40,277 - INFO - 开始爬取关键词：理性的，目标图片数量：20
2025-08-12 16:43:47,895 - INFO - 关键词 理性的 找到 15 张图片URL
2025-08-12 16:43:47,895 - INFO - 开始爬取关键词：冷静的，目标图片数量：20
2025-08-12 16:43:55,525 - INFO - 关键词 冷静的 找到 16 张图片URL
2025-08-12 16:43:55,526 - INFO - 开始爬取关键词：坚强的，目标图片数量：20
2025-08-12 16:44:03,139 - INFO - 关键词 坚强的 找到 18 张图片URL
2025-08-12 16:44:03,139 - INFO - 开始爬取关键词：温柔的，目标图片数量：20
2025-08-12 16:44:10,807 - INFO - 关键词 温柔的 找到 18 张图片URL
2025-08-12 16:44:10,807 - INFO - 开始爬取关键词：感性的，目标图片数量：20
2025-08-12 16:44:18,386 - INFO - 关键词 感性的 找到 17 张图片URL
2025-08-12 16:44:18,386 - INFO - 开始爬取关键词：敏感的，目标图片数量：20
2025-08-12 16:44:25,959 - INFO - 关键词 敏感的 找到 16 张图片URL
2025-08-12 16:44:25,959 - INFO - 开始爬取关键词：认真的，目标图片数量：20
2025-08-12 16:44:33,601 - INFO - 关键词 认真的 找到 18 张图片URL
2025-08-12 16:44:33,602 - INFO - 开始爬取关键词：果断的，目标图片数量：20
2025-08-12 16:44:41,205 - INFO - 关键词 果断的 找到 16 张图片URL
2025-08-12 16:44:41,205 - INFO - 开始爬取关键词：有责任感的，目标图片数量：20
2025-08-12 16:44:48,876 - INFO - 关键词 有责任感的 找到 15 张图片URL
2025-08-12 16:44:48,876 - INFO - 开始爬取关键词：有计划的，目标图片数量：20
2025-08-12 16:44:56,510 - INFO - 关键词 有计划的 找到 13 张图片URL
2025-08-12 16:44:56,510 - INFO - 开始爬取关键词：随性的，目标图片数量：20
2025-08-12 16:45:04,214 - INFO - 关键词 随性的 找到 16 张图片URL
2025-08-12 16:45:04,214 - INFO - 开始爬取关键词：灵活的，目标图片数量：20
2025-08-12 16:45:11,821 - INFO - 关键词 灵活的 找到 19 张图片URL
2025-08-12 16:45:11,821 - INFO - 开始爬取关键词：适应性强的，目标图片数量：20
2025-08-12 16:45:19,658 - INFO - 关键词 适应性强的 找到 19 张图片URL
2025-08-12 16:45:19,658 - INFO - 开始爬取关键词：全家福，目标图片数量：20
2025-08-12 16:45:27,304 - INFO - 关键词 全家福 找到 17 张图片URL
2025-08-12 16:45:27,304 - INFO - 开始爬取关键词：家庭聚会，目标图片数量：20
2025-08-12 16:45:34,888 - INFO - 关键词 家庭聚会 找到 17 张图片URL
2025-08-12 16:45:34,889 - INFO - 开始爬取关键词：兄弟姐妹，目标图片数量：20
2025-08-12 16:45:42,599 - INFO - 关键词 兄弟姐妹 找到 17 张图片URL
2025-08-12 16:45:42,599 - INFO - 开始爬取关键词：双胞胎，目标图片数量：20
2025-08-12 16:45:50,118 - INFO - 关键词 双胞胎 找到 14 张图片URL
2025-08-12 16:45:50,118 - INFO - 开始爬取关键词：独生子女，目标图片数量：20
2025-08-12 16:45:57,819 - INFO - 关键词 独生子女 找到 17 张图片URL
2025-08-12 16:45:57,819 - INFO - 开始爬取关键词：三代同堂，目标图片数量：20
2025-08-12 16:46:06,320 - INFO - 关键词 三代同堂 找到 19 张图片URL
2025-08-12 16:46:06,321 - INFO - 开始爬取关键词：吐槽，目标图片数量：20
2025-08-12 16:46:13,934 - INFO - 关键词 吐槽 找到 17 张图片URL
2025-08-12 16:46:13,935 - INFO - 开始爬取关键词：倾诉，目标图片数量：20
2025-08-12 16:46:21,681 - INFO - 关键词 倾诉 找到 18 张图片URL
2025-08-12 16:46:21,682 - INFO - 开始爬取关键词：鼓励，目标图片数量：20
2025-08-12 16:46:29,306 - INFO - 关键词 鼓励 找到 17 张图片URL
2025-08-12 16:46:29,306 - INFO - 开始爬取关键词：陪伴，目标图片数量：20
2025-08-12 16:46:36,933 - INFO - 关键词 陪伴 找到 16 张图片URL
2025-08-12 16:46:36,934 - INFO - 开始爬取关键词：初次见面，目标图片数量：20
2025-08-12 16:46:44,559 - INFO - 关键词 初次见面 找到 17 张图片URL
2025-08-12 16:46:44,559 - INFO - 开始爬取关键词：安慰，目标图片数量：20
2025-08-12 16:46:52,200 - INFO - 关键词 安慰 找到 19 张图片URL
2025-08-12 16:46:52,201 - INFO - 开始爬取关键词：合拍，目标图片数量：20
2025-08-12 16:46:59,898 - INFO - 关键词 合拍 找到 20 张图片URL
2025-08-12 16:46:59,898 - INFO - 开始爬取关键词：山川，目标图片数量：20
2025-08-12 16:47:07,561 - INFO - 关键词 山川 找到 17 张图片URL
2025-08-12 16:47:07,562 - INFO - 开始爬取关键词：高原，目标图片数量：20
2025-08-12 16:47:15,287 - INFO - 关键词 高原 找到 17 张图片URL
2025-08-12 16:47:15,287 - INFO - 开始爬取关键词：火山，目标图片数量：20
2025-08-12 16:47:22,988 - INFO - 关键词 火山 找到 18 张图片URL
2025-08-12 16:47:22,989 - INFO - 开始爬取关键词：平原，目标图片数量：20
2025-08-12 16:47:30,613 - INFO - 关键词 平原 找到 17 张图片URL
2025-08-12 16:47:30,614 - INFO - 开始爬取关键词：湖泊，目标图片数量：20
2025-08-12 16:47:38,156 - INFO - 关键词 湖泊 找到 13 张图片URL
2025-08-12 16:47:38,156 - INFO - 开始爬取关键词：海岛，目标图片数量：20
2025-08-12 16:47:45,779 - INFO - 关键词 海岛 找到 16 张图片URL
2025-08-12 16:47:45,780 - INFO - 开始爬取关键词：沙漠，目标图片数量：20
2025-08-12 16:47:53,494 - INFO - 关键词 沙漠 找到 18 张图片URL
2025-08-12 16:47:53,495 - INFO - 开始爬取关键词：草原，目标图片数量：20
2025-08-12 16:48:01,199 - INFO - 关键词 草原 找到 20 张图片URL
2025-08-12 16:48:01,199 - INFO - 开始爬取关键词：盆地，目标图片数量：20
2025-08-12 16:48:08,875 - INFO - 关键词 盆地 找到 13 张图片URL
2025-08-12 16:48:08,876 - INFO - 开始爬取关键词：闷热的，目标图片数量：20
2025-08-12 16:48:16,489 - INFO - 关键词 闷热的 找到 18 张图片URL
2025-08-12 16:48:16,490 - INFO - 开始爬取关键词：凉爽的，目标图片数量：20
2025-08-12 16:48:24,207 - INFO - 关键词 凉爽的 找到 15 张图片URL
2025-08-12 16:48:24,207 - INFO - 开始爬取关键词：潮湿的，目标图片数量：20
2025-08-12 16:48:31,900 - INFO - 关键词 潮湿的 找到 18 张图片URL
2025-08-12 16:48:31,901 - INFO - 开始爬取关键词：干旱，目标图片数量：20
2025-08-12 16:48:39,529 - INFO - 关键词 干旱 找到 20 张图片URL
2025-08-12 16:48:39,529 - INFO - 开始爬取关键词：台风，目标图片数量：20
2025-08-12 16:48:47,172 - INFO - 关键词 台风 找到 20 张图片URL
2025-08-12 16:48:47,173 - INFO - 开始爬取关键词：雾霾，目标图片数量：20
2025-08-12 16:48:54,746 - INFO - 关键词 雾霾 找到 18 张图片URL
2025-08-12 16:48:54,747 - INFO - 开始爬取关键词：农村，目标图片数量：20
2025-08-12 16:49:02,346 - INFO - 关键词 农村 找到 18 张图片URL
2025-08-12 16:49:02,347 - INFO - 开始爬取关键词：小镇，目标图片数量：20
2025-08-12 16:49:10,015 - INFO - 关键词 小镇 找到 18 张图片URL
2025-08-12 16:49:10,015 - INFO - 开始爬取关键词：渔村，目标图片数量：20
2025-08-12 16:49:15,579 - INFO - 关键词 渔村 找到 4 张图片URL
2025-08-12 16:49:15,579 - INFO - 开始爬取关键词：首都，目标图片数量：20
2025-08-12 16:49:23,278 - INFO - 关键词 首都 找到 20 张图片URL
2025-08-12 16:49:23,278 - INFO - 开始爬取关键词：大都市，目标图片数量：20
2025-08-12 16:49:31,543 - INFO - 关键词 大都市 找到 18 张图片URL
2025-08-12 16:49:31,543 - INFO - 开始爬取关键词：早晨，目标图片数量：20
2025-08-12 16:49:39,190 - INFO - 关键词 早晨 找到 17 张图片URL
2025-08-12 16:49:39,190 - INFO - 开始爬取关键词：中午，目标图片数量：20
2025-08-12 16:49:46,764 - INFO - 关键词 中午 找到 17 张图片URL
2025-08-12 16:49:46,765 - INFO - 开始爬取关键词：傍晚，目标图片数量：20
2025-08-12 16:49:54,338 - INFO - 关键词 傍晚 找到 13 张图片URL
2025-08-12 16:49:54,338 - INFO - 开始爬取关键词：深夜，目标图片数量：20
2025-08-12 16:50:01,925 - INFO - 关键词 深夜 找到 15 张图片URL
2025-08-12 16:50:01,925 - INFO - 开始爬取关键词：凌晨，目标图片数量：20
2025-08-12 16:50:07,126 - INFO - 关键词 凌晨 找到 7 张图片URL
2025-08-12 16:50:07,126 - INFO - 开始爬取关键词：加班，目标图片数量：20
2025-08-12 16:50:14,853 - INFO - 关键词 加班 找到 14 张图片URL
2025-08-12 16:50:14,853 - INFO - 开始爬取关键词：午休，目标图片数量：20
2025-08-12 16:50:22,444 - INFO - 关键词 午休 找到 16 张图片URL
2025-08-12 16:50:22,444 - INFO - 开始爬取关键词：起床，目标图片数量：20
2025-08-12 16:50:30,034 - INFO - 关键词 起床 找到 17 张图片URL
2025-08-12 16:50:30,034 - INFO - 开始爬取关键词：洗脸，目标图片数量：20
2025-08-12 16:50:37,674 - INFO - 关键词 洗脸 找到 14 张图片URL
2025-08-12 16:50:37,674 - INFO - 开始爬取关键词：刷牙，目标图片数量：20
2025-08-12 16:50:45,380 - INFO - 关键词 刷牙 找到 13 张图片URL
2025-08-12 16:50:45,381 - INFO - 开始爬取关键词：通勤，目标图片数量：20
2025-08-12 16:50:52,996 - INFO - 关键词 通勤 找到 19 张图片URL
2025-08-12 16:50:52,996 - INFO - 开始爬取关键词：购物，目标图片数量：20
2025-08-12 16:51:00,595 - INFO - 关键词 购物 找到 16 张图片URL
2025-08-12 16:51:00,595 - INFO - 开始爬取关键词：运动，目标图片数量：20
2025-08-12 16:51:08,234 - INFO - 关键词 运动 找到 20 张图片URL
2025-08-12 16:51:08,235 - INFO - 开始爬取关键词：做饭，目标图片数量：20
2025-08-12 16:51:15,854 - INFO - 关键词 做饭 找到 14 张图片URL
2025-08-12 16:51:15,854 - INFO - 开始爬取关键词：拖延，目标图片数量：20
2025-08-12 16:51:23,652 - INFO - 关键词 拖延 找到 16 张图片URL
2025-08-12 16:51:23,653 - INFO - 开始爬取关键词：早睡早起，目标图片数量：20
2025-08-12 16:51:31,226 - INFO - 关键词 早睡早起 找到 17 张图片URL
2025-08-12 16:51:31,226 - INFO - 开始爬取关键词：熬夜，目标图片数量：20
2025-08-12 16:51:38,829 - INFO - 关键词 熬夜 找到 16 张图片URL
2025-08-12 16:51:38,830 - INFO - 开始爬取关键词：独处，目标图片数量：20
2025-08-12 16:51:46,460 - INFO - 关键词 独处 找到 16 张图片URL
2025-08-12 16:51:46,461 - INFO - 开始爬取关键词：自律，目标图片数量：20
2025-08-12 16:51:54,108 - INFO - 关键词 自律 找到 18 张图片URL
2025-08-12 16:51:54,109 - INFO - 开始爬取关键词：海边，目标图片数量：20
2025-08-12 16:52:01,916 - INFO - 关键词 海边 找到 18 张图片URL
2025-08-12 16:52:01,916 - INFO - 开始爬取关键词：城堡，目标图片数量：20
2025-08-12 16:52:09,615 - INFO - 关键词 城堡 找到 16 张图片URL
2025-08-12 16:52:09,616 - INFO - 开始爬取关键词：农庄，目标图片数量：20
2025-08-12 16:58:35,417 - INFO - 开始爬取关键词：农庄，目标图片数量：20
2025-08-12 16:58:44,522 - INFO - 关键词 农庄 找到 18 张图片URL
2025-08-12 16:58:44,523 - INFO - 开始爬取关键词：花园，目标图片数量：20
2025-08-12 16:58:54,262 - INFO - 关键词 花园 找到 17 张图片URL
2025-08-12 16:58:54,263 - INFO - 开始爬取关键词：小镇，目标图片数量：20
2025-08-12 16:59:02,890 - INFO - 关键词 小镇 找到 18 张图片URL
2025-08-12 16:59:02,891 - INFO - 开始爬取关键词：山区，目标图片数量：20
2025-08-12 16:59:08,483 - INFO - 关键词 山区 找到 9 张图片URL
2025-08-12 16:59:08,484 - INFO - 开始爬取关键词：别墅，目标图片数量：20
2025-08-12 16:59:18,140 - INFO - 关键词 别墅 找到 17 张图片URL
2025-08-12 16:59:18,141 - INFO - 开始爬取关键词：写作，目标图片数量：20
2025-08-12 16:59:27,782 - INFO - 关键词 写作 找到 16 张图片URL
2025-08-12 16:59:27,782 - INFO - 开始爬取关键词：旅行，目标图片数量：20
2025-08-12 16:59:37,452 - INFO - 关键词 旅行 找到 16 张图片URL
2025-08-12 16:59:37,453 - INFO - 开始爬取关键词：烹饪，目标图片数量：20
2025-08-12 16:59:47,073 - INFO - 关键词 烹饪 找到 16 张图片URL
2025-08-12 16:59:47,073 - INFO - 开始爬取关键词：冥想，目标图片数量：20
2025-08-12 16:59:56,707 - INFO - 关键词 冥想 找到 16 张图片URL
2025-08-12 16:59:56,708 - INFO - 开始爬取关键词：聚餐，目标图片数量：20
2025-08-12 17:00:06,306 - INFO - 关键词 聚餐 找到 19 张图片URL
2025-08-12 17:00:06,306 - INFO - 开始爬取关键词：自由，目标图片数量：20
2025-08-12 17:00:16,022 - INFO - 关键词 自由 找到 18 张图片URL
2025-08-12 17:00:16,022 - INFO - 开始爬取关键词：平静，目标图片数量：20
2025-08-12 17:00:23,669 - INFO - 关键词 平静 找到 17 张图片URL
2025-08-12 17:00:23,670 - INFO - 开始爬取关键词：人生伴侣，目标图片数量：20
2025-08-12 17:00:33,380 - INFO - 关键词 人生伴侣 找到 16 张图片URL
2025-08-12 17:00:33,380 - INFO - 开始爬取关键词：健康，目标图片数量：20
2025-08-12 17:00:43,014 - INFO - 关键词 健康 找到 17 张图片URL
2025-08-12 17:00:43,014 - INFO - 开始爬取关键词：热情，目标图片数量：20
2025-08-12 17:00:52,674 - INFO - 关键词 热情 找到 18 张图片URL
2025-08-12 17:00:52,675 - INFO - 开始爬取关键词：兴趣，目标图片数量：20
2025-08-12 17:01:02,322 - INFO - 关键词 兴趣 找到 18 张图片URL
2025-08-12 17:01:02,323 - INFO - 开始爬取关键词：财富，目标图片数量：20
2025-08-12 17:01:12,226 - INFO - 关键词 财富 找到 15 张图片URL
2025-08-12 17:01:12,227 - INFO - 开始爬取关键词：勇气，目标图片数量：20
2025-08-12 17:01:19,828 - INFO - 关键词 勇气 找到 18 张图片URL
2025-08-12 17:01:19,829 - INFO - 开始爬取关键词：智慧，目标图片数量：20
2025-08-12 17:01:29,436 - INFO - 关键词 智慧 找到 16 张图片URL
2025-08-12 17:01:29,437 - INFO - 开始爬取关键词：毅力，目标图片数量：20
2025-08-12 17:01:37,097 - INFO - 关键词 毅力 找到 17 张图片URL
2025-08-12 17:01:37,097 - INFO - 开始爬取关键词：善良，目标图片数量：20
2025-08-12 17:01:46,745 - INFO - 关键词 善良 找到 16 张图片URL
2025-08-12 17:01:46,745 - INFO - 开始爬取关键词：魅力，目标图片数量：20
2025-08-12 17:01:56,367 - INFO - 关键词 魅力 找到 18 张图片URL
2025-08-12 17:01:56,368 - INFO - 开始爬取关键词：才华，目标图片数量：20
2025-08-12 17:02:06,182 - INFO - 关键词 才华 找到 16 张图片URL
2025-08-12 17:02:06,182 - INFO - 开始爬取关键词：仰慕，目标图片数量：20
2025-08-12 17:02:15,828 - INFO - 关键词 仰慕 找到 18 张图片URL
2025-08-12 17:02:15,828 - INFO - 开始爬取关键词：感动，目标图片数量：20
2025-08-12 17:02:25,554 - INFO - 关键词 感动 找到 18 张图片URL
2025-08-12 17:02:25,554 - INFO - 开始爬取关键词：尊敬，目标图片数量：20
2025-08-12 17:02:35,150 - INFO - 关键词 尊敬 找到 15 张图片URL
2025-08-12 17:02:35,151 - INFO - 开始爬取关键词：启发，目标图片数量：20
2025-08-12 17:02:44,892 - INFO - 关键词 启发 找到 16 张图片URL
2025-08-12 17:02:44,892 - INFO - 开始爬取关键词：感激，目标图片数量：20
2025-08-12 17:02:54,481 - INFO - 关键词 感激 找到 18 张图片URL
2025-08-12 17:02:54,481 - INFO - 开始爬取关键词：立志，目标图片数量：20
2025-08-12 17:03:04,409 - INFO - 关键词 立志 找到 17 张图片URL
2025-08-12 17:03:04,409 - INFO - 开始爬取关键词：搬运工人，目标图片数量：20
2025-08-12 17:03:14,066 - INFO - 关键词 搬运工人 找到 20 张图片URL
2025-08-12 17:03:14,066 - INFO - 开始爬取关键词：工作服，目标图片数量：20
2025-08-12 17:03:23,692 - INFO - 关键词 工作服 找到 17 张图片URL
2025-08-12 17:03:23,693 - INFO - 开始爬取关键词：手套，目标图片数量：20
2025-08-12 17:03:33,410 - INFO - 关键词 手套 找到 17 张图片URL
2025-08-12 17:03:33,410 - INFO - 开始爬取关键词：安全帽，目标图片数量：20
2025-08-12 17:03:43,096 - INFO - 关键词 安全帽 找到 16 张图片URL
2025-08-12 17:03:43,096 - INFO - 开始爬取关键词：纸箱，目标图片数量：20
2025-08-12 17:03:52,735 - INFO - 关键词 纸箱 找到 18 张图片URL
2025-08-12 17:03:52,735 - INFO - 开始爬取关键词：胶带，目标图片数量：20
2025-08-12 17:04:02,378 - INFO - 关键词 胶带 找到 18 张图片URL
2025-08-12 17:04:02,378 - INFO - 开始爬取关键词：手推车，目标图片数量：20
2025-08-12 17:04:12,182 - INFO - 关键词 手推车 找到 16 张图片URL
2025-08-12 17:04:12,182 - INFO - 开始爬取关键词：卡车，目标图片数量：20
2025-08-12 17:04:21,795 - INFO - 关键词 卡车 找到 18 张图片URL
2025-08-12 17:04:21,795 - INFO - 开始爬取关键词：小货车，目标图片数量：20
2025-08-12 17:04:31,442 - INFO - 关键词 小货车 找到 17 张图片URL
2025-08-12 17:04:31,442 - INFO - 开始爬取关键词：压缩袋，目标图片数量：20
2025-08-12 17:04:39,038 - INFO - 关键词 压缩袋 找到 19 张图片URL
2025-08-12 17:04:39,039 - INFO - 开始爬取关键词：家政保洁员，目标图片数量：20
2025-08-12 17:04:48,680 - INFO - 关键词 家政保洁员 找到 16 张图片URL
2025-08-12 17:04:48,680 - INFO - 开始爬取关键词：橡胶手套，目标图片数量：20
2025-08-12 17:04:58,271 - INFO - 关键词 橡胶手套 找到 17 张图片URL
2025-08-12 17:04:58,272 - INFO - 开始爬取关键词：口罩，目标图片数量：20
2025-08-12 17:05:07,921 - INFO - 关键词 口罩 找到 18 张图片URL
2025-08-12 17:05:07,922 - INFO - 开始爬取关键词：围裙，目标图片数量：20
2025-08-12 17:05:17,533 - INFO - 关键词 围裙 找到 16 张图片URL
2025-08-12 17:05:17,533 - INFO - 开始爬取关键词：拖鞋，目标图片数量：20
2025-08-12 17:05:27,176 - INFO - 关键词 拖鞋 找到 15 张图片URL
2025-08-12 17:05:27,177 - INFO - 开始爬取关键词：拖把，目标图片数量：20
2025-08-12 17:05:36,733 - INFO - 关键词 拖把 找到 16 张图片URL
2025-08-12 17:05:36,733 - INFO - 开始爬取关键词：水桶，目标图片数量：20
2025-08-12 17:05:46,375 - INFO - 关键词 水桶 找到 17 张图片URL
2025-08-12 17:05:46,375 - INFO - 开始爬取关键词：抹布，目标图片数量：20
2025-08-12 17:05:56,028 - INFO - 关键词 抹布 找到 14 张图片URL
2025-08-12 17:05:56,028 - INFO - 开始爬取关键词：清洁剂，目标图片数量：20
2025-08-12 17:06:05,599 - INFO - 关键词 清洁剂 找到 18 张图片URL
2025-08-12 17:06:05,599 - INFO - 开始爬取关键词：吸尘器，目标图片数量：20
2025-08-12 17:06:15,206 - INFO - 关键词 吸尘器 找到 17 张图片URL
2025-08-12 17:06:15,206 - INFO - 开始爬取关键词：扫帚，目标图片数量：20
2025-08-12 17:06:24,874 - INFO - 关键词 扫帚 找到 18 张图片URL
2025-08-12 17:06:24,875 - INFO - 开始爬取关键词：垃圾袋，目标图片数量：20
2025-08-12 17:06:34,487 - INFO - 关键词 垃圾袋 找到 19 张图片URL
2025-08-12 17:06:34,488 - INFO - 开始爬取关键词：喷壶，目标图片数量：20
2025-08-12 17:06:44,138 - INFO - 关键词 喷壶 找到 17 张图片URL
2025-08-12 17:06:44,139 - INFO - 开始爬取关键词：菜市场，目标图片数量：20
2025-08-12 17:06:51,739 - INFO - 关键词 菜市场 找到 15 张图片URL
2025-08-12 17:06:51,739 - INFO - 开始爬取关键词：诊所，目标图片数量：20
2025-08-12 17:07:01,403 - INFO - 关键词 诊所 找到 16 张图片URL
2025-08-12 17:07:01,404 - INFO - 开始爬取关键词：美发店，目标图片数量：20
2025-08-12 17:07:09,120 - INFO - 关键词 美发店 找到 18 张图片URL
2025-08-12 17:07:09,120 - INFO - 开始爬取关键词：公园，目标图片数量：20
2025-08-12 17:07:18,885 - INFO - 关键词 公园 找到 17 张图片URL
2025-08-12 17:07:18,885 - INFO - 开始爬取关键词：健身房，目标图片数量：20
2025-08-12 17:07:28,550 - INFO - 关键词 健身房 找到 19 张图片URL
2025-08-12 17:07:28,551 - INFO - 开始爬取关键词：超市，目标图片数量：20
2025-08-12 17:07:38,255 - INFO - 关键词 超市 找到 19 张图片URL
2025-08-12 17:07:38,256 - INFO - 开始爬取关键词：便利店，目标图片数量：20
2025-08-12 17:07:47,886 - INFO - 关键词 便利店 找到 17 张图片URL
2025-08-12 17:07:47,886 - INFO - 开始爬取关键词：购物车，目标图片数量：20
2025-08-12 17:07:57,488 - INFO - 关键词 购物车 找到 16 张图片URL
2025-08-12 17:07:57,489 - INFO - 开始爬取关键词：购物篮，目标图片数量：20
2025-08-12 17:08:07,123 - INFO - 关键词 购物篮 找到 18 张图片URL
2025-08-12 17:08:07,124 - INFO - 开始爬取关键词：收银台，目标图片数量：20
2025-08-12 17:08:16,699 - INFO - 关键词 收银台 找到 18 张图片URL
2025-08-12 17:08:16,718 - INFO - 开始爬取关键词：货架，目标图片数量：20
2025-08-12 17:08:24,442 - INFO - 关键词 货架 找到 16 张图片URL
2025-08-12 17:08:24,443 - INFO - 开始爬取关键词：冷藏柜，目标图片数量：20
2025-08-12 17:08:32,134 - INFO - 关键词 冷藏柜 找到 18 张图片URL
2025-08-12 17:08:32,134 - INFO - 开始爬取关键词：价格标签，目标图片数量：20
2025-08-12 17:08:41,733 - INFO - 关键词 价格标签 找到 17 张图片URL
2025-08-12 17:08:41,733 - INFO - 开始爬取关键词：沙发，目标图片数量：20
2025-08-12 17:08:51,339 - INFO - 关键词 沙发 找到 20 张图片URL
2025-08-12 17:08:51,340 - INFO - 开始爬取关键词：书桌，目标图片数量：20
2025-08-12 17:09:00,988 - INFO - 关键词 书桌 找到 19 张图片URL
2025-08-12 17:09:00,989 - INFO - 开始爬取关键词：椅子，目标图片数量：20
2025-08-12 17:09:10,659 - INFO - 关键词 椅子 找到 18 张图片URL
2025-08-12 17:09:10,659 - INFO - 开始爬取关键词：衣柜，目标图片数量：20
2025-08-12 17:09:20,316 - INFO - 关键词 衣柜 找到 19 张图片URL
2025-08-12 17:09:20,317 - INFO - 开始爬取关键词：餐桌，目标图片数量：20
2025-08-12 17:09:30,036 - INFO - 关键词 餐桌 找到 19 张图片URL
2025-08-12 17:09:30,036 - INFO - 开始爬取关键词：床架，目标图片数量：20
2025-08-12 17:09:39,757 - INFO - 关键词 床架 找到 17 张图片URL
2025-08-12 17:09:39,757 - INFO - 开始爬取关键词：镜子，目标图片数量：20
2025-08-12 17:09:49,382 - INFO - 关键词 镜子 找到 16 张图片URL
2025-08-12 17:09:49,382 - INFO - 开始爬取关键词：折叠椅，目标图片数量：20
2025-08-12 17:09:58,992 - INFO - 关键词 折叠椅 找到 18 张图片URL
2025-08-12 17:09:58,993 - INFO - 开始爬取关键词：茶几，目标图片数量：20
2025-08-12 17:10:08,670 - INFO - 关键词 茶几 找到 18 张图片URL
2025-08-12 17:10:08,670 - INFO - 开始爬取关键词：床头柜，目标图片数量：20
2025-08-12 17:10:18,406 - INFO - 关键词 床头柜 找到 17 张图片URL
2025-08-12 17:10:18,406 - INFO - 开始爬取关键词：地毯，目标图片数量：20
2025-08-12 17:10:27,992 - INFO - 关键词 地毯 找到 17 张图片URL
2025-08-12 17:10:27,992 - INFO - 开始爬取关键词：书架，目标图片数量：20
2025-08-12 17:10:37,648 - INFO - 关键词 书架 找到 17 张图片URL
2025-08-12 17:10:37,648 - INFO - 开始爬取关键词：可回收垃圾，目标图片数量：20
2025-08-12 17:10:47,366 - INFO - 关键词 可回收垃圾 找到 17 张图片URL
2025-08-12 17:10:47,367 - INFO - 开始爬取关键词：厨余垃圾，目标图片数量：20
2025-08-12 17:10:57,140 - INFO - 关键词 厨余垃圾 找到 16 张图片URL
2025-08-12 17:10:57,141 - INFO - 开始爬取关键词：有害垃圾，目标图片数量：20
2025-08-12 17:11:06,802 - INFO - 关键词 有害垃圾 找到 15 张图片URL
2025-08-12 17:11:06,803 - INFO - 开始爬取关键词：可燃垃圾，目标图片数量：20
2025-08-12 17:11:16,556 - INFO - 关键词 可燃垃圾 找到 19 张图片URL
2025-08-12 17:11:16,556 - INFO - 开始爬取关键词：不可燃垃圾，目标图片数量：20
2025-08-12 17:11:26,343 - INFO - 关键词 不可燃垃圾 找到 18 张图片URL
2025-08-12 17:11:26,344 - INFO - 开始爬取关键词：大件垃圾，目标图片数量：20
2025-08-12 17:11:36,879 - INFO - 关键词 大件垃圾 找到 19 张图片URL
2025-08-12 17:11:36,880 - INFO - 开始爬取关键词：塑料瓶，目标图片数量：20
2025-08-12 17:11:46,515 - INFO - 关键词 塑料瓶 找到 18 张图片URL
2025-08-12 17:11:46,516 - INFO - 开始爬取关键词：一次性餐具，目标图片数量：20
2025-08-12 17:11:54,143 - INFO - 关键词 一次性餐具 找到 15 张图片URL
2025-08-12 17:11:54,144 - INFO - 开始爬取关键词：电池，目标图片数量：20
2025-08-12 17:12:03,790 - INFO - 关键词 电池 找到 16 张图片URL
2025-08-12 17:12:03,791 - INFO - 开始爬取关键词：食物残渣，目标图片数量：20
2025-08-12 17:12:11,379 - INFO - 关键词 食物残渣 找到 17 张图片URL
2025-08-12 17:12:11,379 - INFO - 开始爬取关键词：易拉罐，目标图片数量：20
2025-08-12 17:12:19,007 - INFO - 关键词 易拉罐 找到 16 张图片URL
2025-08-12 17:12:19,007 - INFO - 开始爬取关键词：废纸，目标图片数量：20
2025-08-12 17:12:28,607 - INFO - 关键词 废纸 找到 15 张图片URL
2025-08-12 17:12:28,608 - INFO - 开始爬取关键词：营业时间，目标图片数量：20
2025-08-12 17:12:38,228 - INFO - 关键词 营业时间 找到 17 张图片URL
2025-08-12 17:12:38,228 - INFO - 开始爬取关键词：营业中，目标图片数量：20
2025-08-12 17:12:47,921 - INFO - 关键词 营业中 找到 18 张图片URL
2025-08-12 17:12:47,921 - INFO - 开始爬取关键词：停止接待，目标图片数量：20
2025-08-12 17:12:57,610 - INFO - 关键词 停止接待 找到 18 张图片URL
2025-08-12 17:12:57,610 - INFO - 开始爬取关键词：打烊，目标图片数量：20
2025-08-12 17:13:07,242 - INFO - 关键词 打烊 找到 19 张图片URL
2025-08-12 17:13:07,243 - INFO - 开始爬取关键词：暂停营业，目标图片数量：20
2025-08-12 17:13:14,907 - INFO - 关键词 暂停营业 找到 18 张图片URL
2025-08-12 17:13:14,908 - INFO - 开始爬取关键词：店休日，目标图片数量：20
2025-08-12 17:13:24,563 - INFO - 关键词 店休日 找到 16 张图片URL
2025-08-12 17:13:24,563 - INFO - 开始爬取关键词：有空位，目标图片数量：20
2025-08-12 17:13:34,192 - INFO - 关键词 有空位 找到 17 张图片URL
2025-08-12 17:13:34,193 - INFO - 开始爬取关键词：可预约，目标图片数量：20
2025-08-12 17:13:39,642 - INFO - 关键词 可预约 找到 0 张图片URL
2025-08-12 17:13:39,642 - INFO - 开始爬取关键词：满座，目标图片数量：20
2025-08-12 17:13:49,290 - INFO - 关键词 满座 找到 17 张图片URL
2025-08-12 17:13:49,290 - INFO - 开始爬取关键词：自助点餐机，目标图片数量：20
2025-08-12 17:13:56,878 - INFO - 关键词 自助点餐机 找到 16 张图片URL
2025-08-12 17:13:56,878 - INFO - 开始爬取关键词：叫号屏，目标图片数量：20
2025-08-12 17:14:04,448 - INFO - 关键词 叫号屏 找到 14 张图片URL
2025-08-12 17:14:04,448 - INFO - 开始爬取关键词：托盘，目标图片数量：20
2025-08-12 17:14:14,081 - INFO - 关键词 托盘 找到 17 张图片URL
2025-08-12 17:14:14,082 - INFO - 开始爬取关键词：套餐，目标图片数量：20
2025-08-12 17:14:19,638 - INFO - 关键词 套餐 找到 9 张图片URL
2025-08-12 17:14:19,639 - INFO - 开始爬取关键词：外带，目标图片数量：20
2025-08-12 17:14:29,397 - INFO - 关键词 外带 找到 18 张图片URL
2025-08-12 17:14:29,398 - INFO - 开始爬取关键词：堂食，目标图片数量：20
2025-08-12 17:14:39,096 - INFO - 关键词 堂食 找到 19 张图片URL
2025-08-12 17:14:39,096 - INFO - 开始爬取关键词：汉堡，目标图片数量：20
2025-08-12 17:14:48,706 - INFO - 关键词 汉堡 找到 19 张图片URL
2025-08-12 17:14:48,706 - INFO - 开始爬取关键词：炸鸡，目标图片数量：20
2025-08-12 17:14:58,450 - INFO - 关键词 炸鸡 找到 17 张图片URL
2025-08-12 17:14:58,450 - INFO - 开始爬取关键词：沙拉，目标图片数量：20
2025-08-12 17:15:08,163 - INFO - 关键词 沙拉 找到 16 张图片URL
2025-08-12 17:15:08,164 - INFO - 开始爬取关键词：三明治，目标图片数量：20
2025-08-12 17:15:17,719 - INFO - 关键词 三明治 找到 15 张图片URL
2025-08-12 17:15:17,720 - INFO - 开始爬取关键词：鸡块，目标图片数量：20
2025-08-12 17:15:25,378 - INFO - 关键词 鸡块 找到 17 张图片URL
2025-08-12 17:15:25,378 - INFO - 开始爬取关键词：薯条，目标图片数量：20
2025-08-12 17:15:34,975 - INFO - 关键词 薯条 找到 19 张图片URL
2025-08-12 17:15:34,976 - INFO - 开始爬取关键词：苹果派，目标图片数量：20
2025-08-12 17:15:44,571 - INFO - 关键词 苹果派 找到 15 张图片URL
2025-08-12 17:15:44,571 - INFO - 开始爬取关键词：蛋挞，目标图片数量：20
2025-08-12 17:15:52,547 - INFO - 关键词 蛋挞 找到 18 张图片URL
2025-08-12 17:15:52,548 - INFO - 开始爬取关键词：甜筒冰淇淋，目标图片数量：20
2025-08-12 17:16:02,286 - INFO - 关键词 甜筒冰淇淋 找到 14 张图片URL
2025-08-12 17:16:02,286 - INFO - 开始爬取关键词：奶昔，目标图片数量：20
2025-08-12 17:16:11,875 - INFO - 关键词 奶昔 找到 16 张图片URL
2025-08-12 17:16:11,875 - INFO - 开始爬取关键词：地铁站，目标图片数量：20
2025-08-12 17:16:19,464 - INFO - 关键词 地铁站 找到 16 张图片URL
2025-08-12 17:16:19,464 - INFO - 开始爬取关键词：十字路口，目标图片数量：20
2025-08-12 17:16:27,050 - INFO - 关键词 十字路口 找到 18 张图片URL
2025-08-12 17:16:27,050 - INFO - 开始爬取关键词：交通信号灯，目标图片数量：20
2025-08-12 17:16:36,664 - INFO - 关键词 交通信号灯 找到 18 张图片URL
2025-08-12 17:16:36,664 - INFO - 开始爬取关键词：人行道，目标图片数量：20
2025-08-12 17:16:42,218 - INFO - 关键词 人行道 找到 10 张图片URL
2025-08-12 17:16:42,219 - INFO - 开始爬取关键词：人行天桥，目标图片数量：20
2025-08-12 17:16:47,705 - INFO - 关键词 人行天桥 找到 1 张图片URL
2025-08-12 17:16:47,706 - INFO - 开始爬取关键词：地下通道，目标图片数量：20
2025-08-12 17:16:53,177 - INFO - 关键词 地下通道 找到 0 张图片URL
2025-08-12 17:16:53,177 - INFO - 开始爬取关键词：加油站，目标图片数量：20
2025-08-12 17:17:00,690 - INFO - 关键词 加油站 找到 17 张图片URL
2025-08-12 17:17:00,690 - INFO - 开始爬取关键词：冰箱，目标图片数量：20
2025-08-12 17:17:10,280 - INFO - 关键词 冰箱 找到 16 张图片URL
2025-08-12 17:17:10,281 - INFO - 开始爬取关键词：洗衣机，目标图片数量：20
2025-08-12 17:17:19,859 - INFO - 关键词 洗衣机 找到 17 张图片URL
2025-08-12 17:17:19,860 - INFO - 开始爬取关键词：空调，目标图片数量：20
2025-08-12 17:17:29,577 - INFO - 关键词 空调 找到 19 张图片URL
2025-08-12 17:17:29,578 - INFO - 开始爬取关键词：电饭煲，目标图片数量：20
2025-08-12 17:17:39,197 - INFO - 关键词 电饭煲 找到 16 张图片URL
2025-08-12 17:17:39,198 - INFO - 开始爬取关键词：电视机，目标图片数量：20
2025-08-12 17:17:48,840 - INFO - 关键词 电视机 找到 19 张图片URL
2025-08-12 17:17:48,841 - INFO - 开始爬取关键词：吸尘器，目标图片数量：20
2025-08-12 17:17:58,789 - INFO - 关键词 吸尘器 找到 15 张图片URL
2025-08-12 17:17:58,790 - INFO - 开始爬取关键词：微波炉，目标图片数量：20
2025-08-12 17:18:08,441 - INFO - 关键词 微波炉 找到 15 张图片URL
2025-08-12 17:18:08,441 - INFO - 开始爬取关键词：电水壶，目标图片数量：20
2025-08-12 17:18:18,083 - INFO - 关键词 电水壶 找到 17 张图片URL
2025-08-12 17:18:18,083 - INFO - 开始爬取关键词：加湿器，目标图片数量：20
2025-08-12 17:18:27,729 - INFO - 关键词 加湿器 找到 18 张图片URL
2025-08-12 17:18:27,729 - INFO - 开始爬取关键词：烤箱，目标图片数量：20
2025-08-12 17:18:37,301 - INFO - 关键词 烤箱 找到 16 张图片URL
2025-08-12 17:18:37,301 - INFO - 开始爬取关键词：品牌，目标图片数量：20
2025-08-12 17:18:46,951 - INFO - 关键词 品牌 找到 17 张图片URL
2025-08-12 17:18:46,952 - INFO - 开始爬取关键词：型号，目标图片数量：20
2025-08-12 17:18:52,598 - INFO - 关键词 型号 找到 10 张图片URL
2025-08-12 17:18:52,599 - INFO - 开始爬取关键词：尺寸，目标图片数量：20
2025-08-12 17:19:02,161 - INFO - 关键词 尺寸 找到 16 张图片URL
2025-08-12 17:19:02,162 - INFO - 开始爬取关键词：容量，目标图片数量：20
2025-08-12 17:19:11,747 - INFO - 关键词 容量 找到 18 张图片URL
2025-08-12 17:19:11,747 - INFO - 开始爬取关键词：预算，目标图片数量：20
2025-08-12 17:19:22,322 - INFO - 关键词 预算 找到 16 张图片URL
2025-08-12 17:19:22,322 - INFO - 开始爬取关键词：折扣，目标图片数量：20
2025-08-12 17:19:32,083 - INFO - 关键词 折扣 找到 16 张图片URL
2025-08-12 17:19:32,084 - INFO - 开始爬取关键词：节能，目标图片数量：20
2025-08-12 17:19:42,437 - INFO - 关键词 节能 找到 18 张图片URL
2025-08-12 17:19:42,437 - INFO - 开始爬取关键词：售后服务，目标图片数量：20
2025-08-12 17:19:52,093 - INFO - 关键词 售后服务 找到 18 张图片URL
2025-08-12 17:19:52,094 - INFO - 开始爬取关键词：上门安装，目标图片数量：20
2025-08-12 17:20:01,848 - INFO - 关键词 上门安装 找到 20 张图片URL
2025-08-12 17:20:01,848 - INFO - 开始爬取关键词：送货上门，目标图片数量：20
2025-08-12 17:20:11,544 - INFO - 关键词 送货上门 找到 16 张图片URL
2025-08-12 17:20:11,544 - INFO - 开始爬取关键词：保修，目标图片数量：20
2025-08-12 17:20:21,202 - INFO - 关键词 保修 找到 17 张图片URL
2025-08-12 17:20:21,202 - INFO - 开始爬取关键词：维修，目标图片数量：20
2025-08-12 17:20:31,263 - INFO - 关键词 维修 找到 16 张图片URL
2025-08-12 17:20:31,264 - INFO - 开始爬取关键词：二手的，目标图片数量：20
2025-08-12 17:20:41,971 - INFO - 关键词 二手的 找到 17 张图片URL
2025-08-12 17:20:41,972 - INFO - 开始爬取关键词：成色，目标图片数量：20
2025-08-12 17:20:49,638 - INFO - 关键词 成色 找到 18 张图片URL
2025-08-12 17:20:49,639 - INFO - 开始爬取关键词：全新的，目标图片数量：20
2025-08-12 17:20:59,244 - INFO - 关键词 全新的 找到 14 张图片URL
2025-08-12 17:20:59,245 - INFO - 开始爬取关键词：正品，目标图片数量：20
2025-08-12 17:21:08,908 - INFO - 关键词 正品 找到 19 张图片URL
2025-08-12 17:21:08,908 - INFO - 开始爬取关键词：收藏品，目标图片数量：20
2025-08-12 17:21:18,501 - INFO - 关键词 收藏品 找到 17 张图片URL
2025-08-12 17:21:18,501 - INFO - 开始爬取关键词：限量款，目标图片数量：20
2025-08-12 17:21:28,057 - INFO - 关键词 限量款 找到 16 张图片URL
2025-08-12 17:21:28,058 - INFO - 开始爬取关键词：运输延误，目标图片数量：20
2025-08-12 17:21:37,729 - INFO - 关键词 运输延误 找到 18 张图片URL
2025-08-12 17:21:37,730 - INFO - 开始爬取关键词：丢件，目标图片数量：20
2025-08-12 17:21:47,426 - INFO - 关键词 丢件 找到 19 张图片URL
2025-08-12 17:21:47,427 - INFO - 开始爬取关键词：派送失败，目标图片数量：20
2025-08-12 17:21:57,172 - INFO - 关键词 派送失败 找到 18 张图片URL
2025-08-12 17:21:57,173 - INFO - 开始爬取关键词：派送错误，目标图片数量：20
2025-08-12 17:22:06,809 - INFO - 关键词 派送错误 找到 17 张图片URL
2025-08-12 17:22:06,809 - INFO - 开始爬取关键词：包装破损，目标图片数量：20
2025-08-12 17:22:16,623 - INFO - 关键词 包装破损 找到 17 张图片URL
2025-08-12 17:22:16,623 - INFO - 开始爬取关键词：运单号，目标图片数量：20
2025-08-12 17:22:26,325 - INFO - 关键词 运单号 找到 18 张图片URL
2025-08-12 17:22:26,325 - INFO - 开始爬取关键词：订单号，目标图片数量：20
2025-08-12 17:22:35,954 - INFO - 关键词 订单号 找到 14 张图片URL
2025-08-12 17:22:35,955 - INFO - 开始爬取关键词：忙里偷闲，目标图片数量：20
2025-08-12 17:22:45,576 - INFO - 关键词 忙里偷闲 找到 16 张图片URL
2025-08-12 17:22:45,576 - INFO - 开始爬取关键词：手忙脚乱，目标图片数量：20
2025-08-12 17:22:55,205 - INFO - 关键词 手忙脚乱 找到 17 张图片URL
2025-08-12 17:22:55,205 - INFO - 开始爬取关键词：充实，目标图片数量：20
2025-08-12 17:23:04,922 - INFO - 关键词 充实 找到 20 张图片URL
2025-08-12 17:23:04,922 - INFO - 开始爬取关键词：进展顺利，目标图片数量：20
2025-08-12 17:23:14,691 - INFO - 关键词 进展顺利 找到 16 张图片URL
2025-08-12 17:23:14,691 - INFO - 开始爬取关键词：新尝试，目标图片数量：20
2025-08-12 17:23:24,395 - INFO - 关键词 新尝试 找到 16 张图片URL
2025-08-12 17:23:24,395 - INFO - 开始爬取关键词：想念，目标图片数量：20
2025-08-12 17:23:31,986 - INFO - 关键词 想念 找到 15 张图片URL
2025-08-12 17:23:31,987 - INFO - 开始爬取关键词：幸福感，目标图片数量：20
2025-08-12 17:23:41,706 - INFO - 关键词 幸福感 找到 15 张图片URL
2025-08-12 17:23:41,706 - INFO - 开始爬取关键词：孤独感，目标图片数量：20
2025-08-12 17:23:49,281 - INFO - 关键词 孤独感 找到 17 张图片URL
2025-08-12 17:23:49,281 - INFO - 开始爬取关键词：柯基，目标图片数量：20
2025-08-12 17:23:58,874 - INFO - 关键词 柯基 找到 14 张图片URL
2025-08-12 17:23:58,874 - INFO - 开始爬取关键词：金毛，目标图片数量：20
2025-08-12 17:24:08,477 - INFO - 关键词 金毛 找到 15 张图片URL
2025-08-12 17:24:08,478 - INFO - 开始爬取关键词：博美，目标图片数量：20
2025-08-12 17:24:18,018 - INFO - 关键词 博美 找到 10 张图片URL
2025-08-12 17:24:18,018 - INFO - 开始爬取关键词：贵宾犬，目标图片数量：20
2025-08-12 17:24:27,856 - INFO - 关键词 贵宾犬 找到 11 张图片URL
2025-08-12 17:24:27,857 - INFO - 开始爬取关键词：柴犬，目标图片数量：20
2025-08-12 17:24:37,449 - INFO - 关键词 柴犬 找到 15 张图片URL
2025-08-12 17:24:37,449 - INFO - 开始爬取关键词：吉娃娃，目标图片数量：20
2025-08-12 17:24:47,076 - INFO - 关键词 吉娃娃 找到 12 张图片URL
2025-08-12 17:24:47,077 - INFO - 开始爬取关键词：布偶猫，目标图片数量：20
2025-08-12 17:24:56,775 - INFO - 关键词 布偶猫 找到 15 张图片URL
2025-08-12 17:24:56,776 - INFO - 开始爬取关键词：暹罗猫，目标图片数量：20
2025-08-12 17:25:06,377 - INFO - 关键词 暹罗猫 找到 15 张图片URL
2025-08-12 17:25:06,377 - INFO - 开始爬取关键词：缅因猫，目标图片数量：20
2025-08-12 17:25:14,010 - INFO - 关键词 缅因猫 找到 18 张图片URL
2025-08-12 17:25:14,011 - INFO - 开始爬取关键词：无毛猫，目标图片数量：20
2025-08-12 17:25:21,588 - INFO - 关键词 无毛猫 找到 13 张图片URL
2025-08-12 17:25:21,589 - INFO - 开始爬取关键词：英国短毛猫，目标图片数量：20
2025-08-12 17:25:29,205 - INFO - 关键词 英国短毛猫 找到 16 张图片URL
2025-08-12 17:25:29,206 - INFO - 开始爬取关键词：美国短毛猫，目标图片数量：20
2025-08-12 17:25:36,976 - INFO - 关键词 美国短毛猫 找到 17 张图片URL
2025-08-12 17:25:36,977 - INFO - 开始爬取关键词：仓鼠，目标图片数量：20
2025-08-12 17:25:46,598 - INFO - 关键词 仓鼠 找到 16 张图片URL
2025-08-12 17:25:46,598 - INFO - 开始爬取关键词：乌龟，目标图片数量：20
2025-08-12 17:25:56,318 - INFO - 关键词 乌龟 找到 18 张图片URL
2025-08-12 17:25:56,319 - INFO - 开始爬取关键词：兔子，目标图片数量：20
2025-08-12 17:26:05,947 - INFO - 关键词 兔子 找到 14 张图片URL
2025-08-12 17:26:05,947 - INFO - 开始爬取关键词：鹦鹉，目标图片数量：20
2025-08-12 17:26:15,644 - INFO - 关键词 鹦鹉 找到 15 张图片URL
2025-08-12 17:26:15,645 - INFO - 开始爬取关键词：豚鼠，目标图片数量：20
2025-08-12 17:26:23,353 - INFO - 关键词 豚鼠 找到 15 张图片URL
2025-08-12 17:26:23,353 - INFO - 开始爬取关键词：蜥蜴，目标图片数量：20
2025-08-12 17:26:30,950 - INFO - 关键词 蜥蜴 找到 16 张图片URL
2025-08-12 17:26:30,951 - INFO - 开始爬取关键词：热带鱼，目标图片数量：20
2025-08-12 17:26:40,609 - INFO - 关键词 热带鱼 找到 18 张图片URL
2025-08-12 17:26:40,609 - INFO - 开始爬取关键词：刺猬，目标图片数量：20
2025-08-12 17:26:50,292 - INFO - 关键词 刺猬 找到 14 张图片URL
2025-08-12 17:26:50,292 - INFO - 开始爬取关键词：剪发，目标图片数量：20
2025-08-12 17:26:57,932 - INFO - 关键词 剪发 找到 19 张图片URL
2025-08-12 17:26:57,932 - INFO - 开始爬取关键词：洗吹，目标图片数量：20
2025-08-12 17:27:05,600 - INFO - 关键词 洗吹 找到 18 张图片URL
2025-08-12 17:27:05,601 - INFO - 开始爬取关键词：染发，目标图片数量：20
2025-08-12 17:27:13,271 - INFO - 关键词 染发 找到 16 张图片URL
2025-08-12 17:27:13,271 - INFO - 开始爬取关键词：漂发，目标图片数量：20
2025-08-12 17:27:20,968 - INFO - 关键词 漂发 找到 14 张图片URL
2025-08-12 17:27:20,968 - INFO - 开始爬取关键词：烫发，目标图片数量：20
2025-08-12 17:27:28,698 - INFO - 关键词 烫发 找到 17 张图片URL
2025-08-12 17:27:28,699 - INFO - 开始爬取关键词：头发护理，目标图片数量：20
2025-08-12 17:27:36,349 - INFO - 关键词 头发护理 找到 20 张图片URL
2025-08-12 17:27:36,349 - INFO - 开始爬取关键词：美发店，目标图片数量：20
2025-08-12 17:27:44,060 - INFO - 关键词 美发店 找到 18 张图片URL
2025-08-12 17:27:44,060 - INFO - 开始爬取关键词：男士理发店，目标图片数量：20
2025-08-12 17:27:51,761 - INFO - 关键词 男士理发店 找到 18 张图片URL
2025-08-12 17:27:51,762 - INFO - 开始爬取关键词：发型师，目标图片数量：20
2025-08-12 17:27:59,510 - INFO - 关键词 发型师 找到 16 张图片URL
2025-08-12 17:27:59,510 - INFO - 开始爬取关键词：男士理发师，目标图片数量：20
2025-08-12 17:28:07,117 - INFO - 关键词 男士理发师 找到 15 张图片URL
2025-08-12 17:28:07,118 - INFO - 开始爬取关键词：打薄，目标图片数量：20
2025-08-12 17:28:14,707 - INFO - 关键词 打薄 找到 16 张图片URL
2025-08-12 17:28:14,708 - INFO - 开始爬取关键词：刘海，目标图片数量：20
2025-08-12 17:28:24,349 - INFO - 关键词 刘海 找到 10 张图片URL
2025-08-12 17:28:24,350 - INFO - 开始爬取关键词：鬓角，目标图片数量：20
2025-08-12 17:28:30,008 - INFO - 关键词 鬓角 找到 7 张图片URL
2025-08-12 17:28:30,009 - INFO - 开始爬取关键词：层次，目标图片数量：20
2025-08-12 17:28:39,746 - INFO - 关键词 层次 找到 14 张图片URL
2025-08-12 17:28:39,747 - INFO - 开始爬取关键词：项链，目标图片数量：20
2025-08-12 17:28:49,377 - INFO - 关键词 项链 找到 17 张图片URL
2025-08-12 17:28:49,377 - INFO - 开始爬取关键词：香水，目标图片数量：20
2025-08-12 17:28:58,982 - INFO - 关键词 香水 找到 16 张图片URL
2025-08-12 17:28:58,982 - INFO - 开始爬取关键词：玩偶，目标图片数量：20
2025-08-12 17:29:08,661 - INFO - 关键词 玩偶 找到 18 张图片URL
2025-08-12 17:29:08,661 - INFO - 开始爬取关键词：剃须刀，目标图片数量：20
2025-08-12 17:29:16,295 - INFO - 关键词 剃须刀 找到 16 张图片URL
2025-08-12 17:29:16,296 - INFO - 开始爬取关键词：手表，目标图片数量：20
2025-08-12 17:29:25,860 - INFO - 关键词 手表 找到 15 张图片URL
2025-08-12 17:29:25,860 - INFO - 开始爬取关键词：蓝牙耳机，目标图片数量：20
2025-08-12 17:29:35,533 - INFO - 关键词 蓝牙耳机 找到 16 张图片URL
2025-08-12 17:29:35,533 - INFO - 开始爬取关键词：袖扣，目标图片数量：20
2025-08-12 17:29:43,308 - INFO - 关键词 袖扣 找到 16 张图片URL
2025-08-12 17:29:43,308 - INFO - 开始爬取关键词：相框，目标图片数量：20
2025-08-12 17:29:52,881 - INFO - 关键词 相框 找到 18 张图片URL
2025-08-12 17:29:52,881 - INFO - 开始爬取关键词：月度会员，目标图片数量：20
2025-08-12 17:30:02,590 - INFO - 关键词 月度会员 找到 18 张图片URL
2025-08-12 17:30:02,590 - INFO - 开始爬取关键词：年度会员，目标图片数量：20
2025-08-12 17:30:12,319 - INFO - 关键词 年度会员 找到 18 张图片URL
2025-08-12 17:30:12,319 - INFO - 开始爬取关键词：试用卡，目标图片数量：20
2025-08-12 17:30:22,086 - INFO - 关键词 试用卡 找到 15 张图片URL
2025-08-12 17:30:22,087 - INFO - 开始爬取关键词：学生会员，目标图片数量：20
2025-08-12 17:30:31,736 - INFO - 关键词 学生会员 找到 17 张图片URL
2025-08-12 17:30:31,736 - INFO - 开始爬取关键词：家庭会员，目标图片数量：20
2025-08-12 17:30:41,454 - INFO - 关键词 家庭会员 找到 17 张图片URL
2025-08-12 17:30:41,455 - INFO - 开始爬取关键词：跑步机，目标图片数量：20
2025-08-12 17:30:51,067 - INFO - 关键词 跑步机 找到 17 张图片URL
2025-08-12 17:30:51,076 - INFO - 开始爬取关键词：动感单车，目标图片数量：20
2025-08-12 17:31:00,666 - INFO - 关键词 动感单车 找到 16 张图片URL
2025-08-12 17:31:00,666 - INFO - 开始爬取关键词：椭圆机，目标图片数量：20
2025-08-12 17:31:10,276 - INFO - 关键词 椭圆机 找到 17 张图片URL
2025-08-12 17:31:10,276 - INFO - 开始爬取关键词：卧推架，目标图片数量：20
2025-08-12 17:31:19,922 - INFO - 关键词 卧推架 找到 16 张图片URL
2025-08-12 17:31:19,922 - INFO - 开始爬取关键词：深蹲架，目标图片数量：20
2025-08-12 17:31:27,565 - INFO - 关键词 深蹲架 找到 19 张图片URL
2025-08-12 17:31:27,566 - INFO - 开始爬取关键词：壶铃，目标图片数量：20
2025-08-12 17:31:37,193 - INFO - 关键词 壶铃 找到 17 张图片URL
2025-08-12 17:31:37,193 - INFO - 开始爬取关键词：健身球，目标图片数量：20
2025-08-12 17:31:46,832 - INFO - 关键词 健身球 找到 16 张图片URL
2025-08-12 17:31:46,832 - INFO - 开始爬取关键词：更衣室，目标图片数量：20
2025-08-12 17:31:54,472 - INFO - 关键词 更衣室 找到 15 张图片URL
2025-08-12 17:31:54,473 - INFO - 开始爬取关键词：淋浴间，目标图片数量：20
2025-08-12 17:32:04,031 - INFO - 关键词 淋浴间 找到 15 张图片URL
2025-08-12 17:32:04,032 - INFO - 开始爬取关键词：储物柜，目标图片数量：20
2025-08-12 17:32:13,773 - INFO - 关键词 储物柜 找到 18 张图片URL
2025-08-12 17:32:13,773 - INFO - 开始爬取关键词：异响，目标图片数量：20
2025-08-12 17:32:23,419 - INFO - 关键词 异响 找到 17 张图片URL
2025-08-12 17:32:23,420 - INFO - 开始爬取关键词：漏水，目标图片数量：20
2025-08-12 17:32:28,878 - INFO - 关键词 漏水 找到 1 张图片URL
2025-08-12 17:32:28,878 - INFO - 开始爬取关键词：按键失灵，目标图片数量：20
2025-08-12 17:32:36,499 - INFO - 关键词 按键失灵 找到 10 张图片URL
2025-08-12 17:32:36,499 - INFO - 开始爬取关键词：漏电，目标图片数量：20
2025-08-12 17:32:46,119 - INFO - 关键词 漏电 找到 17 张图片URL
2025-08-12 17:32:46,120 - INFO - 开始爬取关键词：无法启动，目标图片数量：20
2025-08-12 17:32:55,870 - INFO - 关键词 无法启动 找到 19 张图片URL
2025-08-12 17:32:55,870 - INFO - 开始爬取关键词：冒烟，目标图片数量：20
2025-08-12 17:33:05,553 - INFO - 关键词 冒烟 找到 18 张图片URL
2025-08-12 17:33:05,553 - INFO - 开始爬取关键词：上门检修，目标图片数量：20
2025-08-12 17:33:15,185 - INFO - 关键词 上门检修 找到 18 张图片URL
2025-08-12 17:33:15,185 - INFO - 开始爬取关键词：退货，目标图片数量：20
2025-08-12 17:33:24,986 - INFO - 关键词 退货 找到 17 张图片URL
2025-08-12 17:33:24,987 - INFO - 开始爬取关键词：退款，目标图片数量：20
2025-08-12 17:33:34,713 - INFO - 关键词 退款 找到 17 张图片URL
2025-08-12 17:33:34,713 - INFO - 开始爬取关键词：保修期，目标图片数量：20
2025-08-12 17:33:44,502 - INFO - 关键词 保修期 找到 18 张图片URL
2025-08-12 17:33:44,502 - INFO - 开始爬取关键词：技术人员，目标图片数量：20
2025-08-12 17:33:54,313 - INFO - 关键词 技术人员 找到 18 张图片URL
2025-08-12 17:33:54,313 - INFO - 开始爬取关键词：美发剪刀，目标图片数量：20
2025-08-12 17:34:03,923 - INFO - 关键词 美发剪刀 找到 15 张图片URL
2025-08-12 17:34:03,924 - INFO - 开始爬取关键词：电推剪，目标图片数量：20
2025-08-12 17:34:11,522 - INFO - 关键词 电推剪 找到 15 张图片URL
2025-08-12 17:34:11,523 - INFO - 开始爬取关键词：发夹，目标图片数量：20
2025-08-12 17:34:21,203 - INFO - 关键词 发夹 找到 16 张图片URL
2025-08-12 17:34:21,203 - INFO - 开始爬取关键词：卷发棒，目标图片数量：20
2025-08-12 17:34:28,830 - INFO - 关键词 卷发棒 找到 19 张图片URL
2025-08-12 17:34:28,831 - INFO - 开始爬取关键词：电夹板，目标图片数量：20
2025-08-12 17:34:36,509 - INFO - 关键词 电夹板 找到 18 张图片URL
2025-08-12 17:34:36,510 - INFO - 开始爬取关键词：卷发芯，目标图片数量：20
2025-08-12 17:34:44,166 - INFO - 关键词 卷发芯 找到 18 张图片URL
2025-08-12 17:34:44,166 - INFO - 开始爬取关键词：平头，目标图片数量：20
2025-08-12 17:34:51,837 - INFO - 关键词 平头 找到 17 张图片URL
2025-08-12 17:34:51,837 - INFO - 开始爬取关键词：寸头，目标图片数量：20
2025-08-12 17:34:59,502 - INFO - 关键词 寸头 找到 18 张图片URL
2025-08-12 17:34:59,503 - INFO - 开始爬取关键词：大背头，目标图片数量：20
2025-08-12 17:35:05,024 - INFO - 关键词 大背头 找到 5 张图片URL
2025-08-12 17:35:05,024 - INFO - 开始爬取关键词：波波头，目标图片数量：20
2025-08-12 17:35:12,605 - INFO - 关键词 波波头 找到 13 张图片URL
2025-08-12 17:35:12,605 - INFO - 开始爬取关键词：单马尾，目标图片数量：20
2025-08-12 17:35:20,260 - INFO - 关键词 单马尾 找到 13 张图片URL
2025-08-12 17:35:20,260 - INFO - 开始爬取关键词：双马尾，目标图片数量：20
2025-08-12 17:35:29,897 - INFO - 关键词 双马尾 找到 16 张图片URL
2025-08-12 17:35:29,898 - INFO - 开始爬取关键词：辫子，目标图片数量：20
2025-08-12 17:35:39,547 - INFO - 关键词 辫子 找到 18 张图片URL
2025-08-12 17:35:39,548 - INFO - 开始爬取关键词：爆炸头，目标图片数量：20
2025-08-12 17:35:49,209 - INFO - 关键词 爆炸头 找到 14 张图片URL
2025-08-12 17:35:49,209 - INFO - 开始爬取关键词：丸子头，目标图片数量：20
2025-08-12 17:35:58,894 - INFO - 关键词 丸子头 找到 19 张图片URL
2025-08-12 17:35:58,895 - INFO - 开始爬取关键词：显脸大，目标图片数量：20
2025-08-12 17:36:06,160 - INFO - 关键词 显脸大 找到 14 张图片URL
2025-08-12 17:36:06,160 - INFO - 开始爬取关键词：没精神，目标图片数量：20
2025-08-12 17:36:15,852 - INFO - 关键词 没精神 找到 18 张图片URL
2025-08-12 17:36:15,853 - INFO - 开始爬取关键词：老气的，目标图片数量：20
2025-08-12 17:36:25,473 - INFO - 关键词 老气的 找到 19 张图片URL
2025-08-12 17:36:25,474 - INFO - 开始爬取关键词：土气的，目标图片数量：20
2025-08-12 17:36:33,135 - INFO - 关键词 土气的 找到 17 张图片URL
2025-08-12 17:36:33,136 - INFO - 开始爬取关键词：杂乱的，目标图片数量：20
2025-08-12 17:36:40,733 - INFO - 关键词 杂乱的 找到 18 张图片URL
2025-08-12 17:36:40,734 - INFO - 开始爬取关键词：毛躁的，目标图片数量：20
2025-08-12 17:36:48,568 - INFO - 关键词 毛躁的 找到 16 张图片URL
2025-08-12 17:36:48,569 - INFO - 开始爬取关键词：看电影，目标图片数量：20
2025-08-12 17:36:58,215 - INFO - 关键词 看电影 找到 17 张图片URL
2025-08-12 17:36:58,215 - INFO - 开始爬取关键词：看展览，目标图片数量：20
2025-08-12 17:37:03,919 - INFO - 关键词 看展览 找到 10 张图片URL
2025-08-12 17:37:03,919 - INFO - 开始爬取关键词：聚餐，目标图片数量：20
2025-08-12 17:37:13,546 - INFO - 关键词 聚餐 找到 19 张图片URL
2025-08-12 17:37:13,546 - INFO - 开始爬取关键词：登山，目标图片数量：20
2025-08-12 17:37:23,194 - INFO - 关键词 登山 找到 16 张图片URL
2025-08-12 17:37:23,195 - INFO - 开始爬取关键词：野餐，目标图片数量：20
2025-08-12 17:37:32,736 - INFO - 关键词 野餐 找到 14 张图片URL
2025-08-12 17:37:32,737 - INFO - 开始爬取关键词：手工，目标图片数量：20
2025-08-12 17:37:42,468 - INFO - 关键词 手工 找到 18 张图片URL
2025-08-12 17:37:42,469 - INFO - 开始爬取关键词：摄影，目标图片数量：20
2025-08-12 17:37:52,091 - INFO - 关键词 摄影 找到 16 张图片URL
2025-08-12 17:37:52,092 - INFO - 开始爬取关键词：卡拉OK，目标图片数量：20
2025-08-12 17:38:02,070 - INFO - 关键词 卡拉OK 找到 17 张图片URL
2025-08-12 17:38:02,071 - INFO - 开始爬取关键词：电线，目标图片数量：20
2025-08-12 17:38:11,686 - INFO - 关键词 电线 找到 19 张图片URL
2025-08-12 17:38:11,687 - INFO - 开始爬取关键词：插座，目标图片数量：20
2025-08-12 17:38:20,420 - INFO - 关键词 插座 找到 17 张图片URL
2025-08-12 17:38:20,420 - INFO - 开始爬取关键词：插头，目标图片数量：20
2025-08-12 17:38:27,999 - INFO - 关键词 插头 找到 17 张图片URL
2025-08-12 17:38:27,999 - INFO - 开始爬取关键词：电表，目标图片数量：20
2025-08-12 17:38:33,521 - INFO - 关键词 电表 找到 9 张图片URL
2025-08-12 17:38:33,522 - INFO - 开始爬取关键词：配电箱，目标图片数量：20
2025-08-12 17:38:39,046 - INFO - 关键词 配电箱 找到 7 张图片URL
2025-08-12 17:38:39,046 - INFO - 开始爬取关键词：电路板，目标图片数量：20
2025-08-12 17:38:48,640 - INFO - 关键词 电路板 找到 18 张图片URL
2025-08-12 17:38:48,641 - INFO - 开始爬取关键词：熔断器，目标图片数量：20
2025-08-12 17:38:54,105 - INFO - 关键词 熔断器 找到 2 张图片URL
2025-08-12 17:38:54,105 - INFO - 开始爬取关键词：接线盒，目标图片数量：20
2025-08-12 17:39:00,947 - INFO - 关键词 接线盒 找到 1 张图片URL
2025-08-12 17:39:00,947 - INFO - 开始爬取关键词：通电中，目标图片数量：20
2025-08-12 17:39:10,524 - INFO - 关键词 通电中 找到 16 张图片URL
2025-08-12 17:39:10,524 - INFO - 开始爬取关键词：停电，目标图片数量：20
2025-08-12 17:39:18,124 - INFO - 关键词 停电 找到 17 张图片URL
2025-08-12 17:39:18,125 - INFO - 开始爬取关键词：跳闸，目标图片数量：20
2025-08-12 17:39:23,607 - INFO - 关键词 跳闸 找到 2 张图片URL
2025-08-12 17:39:23,608 - INFO - 开始爬取关键词：漏电，目标图片数量：20
2025-08-12 17:39:33,301 - INFO - 关键词 漏电 找到 16 张图片URL
2025-08-12 17:39:33,303 - INFO - 开始爬取关键词：电路过载，目标图片数量：20
2025-08-12 17:39:40,858 - INFO - 关键词 电路过载 找到 17 张图片URL
2025-08-12 17:39:40,859 - INFO - 开始爬取关键词：电压不稳，目标图片数量：20
2025-08-12 17:39:48,563 - INFO - 关键词 电压不稳 找到 20 张图片URL
2025-08-12 17:39:48,564 - INFO - 开始爬取关键词：招牌菜，目标图片数量：20
2025-08-12 17:39:58,305 - INFO - 关键词 招牌菜 找到 18 张图片URL
2025-08-12 17:39:58,305 - INFO - 开始爬取关键词：前菜，目标图片数量：20
2025-08-12 17:40:03,814 - INFO - 关键词 前菜 找到 9 张图片URL
2025-08-12 17:40:03,815 - INFO - 开始爬取关键词：配菜，目标图片数量：20
2025-08-12 17:40:13,475 - INFO - 关键词 配菜 找到 14 张图片URL
2025-08-12 17:40:13,476 - INFO - 开始爬取关键词：主菜，目标图片数量：20
2025-08-12 17:40:21,964 - INFO - 关键词 主菜 找到 13 张图片URL
2025-08-12 17:40:21,965 - INFO - 开始爬取关键词：甜点，目标图片数量：20
2025-08-12 17:40:31,617 - INFO - 关键词 甜点 找到 17 张图片URL
2025-08-12 17:40:31,617 - INFO - 开始爬取关键词：饮品，目标图片数量：20
2025-08-12 17:40:41,273 - INFO - 关键词 饮品 找到 19 张图片URL
2025-08-12 17:40:41,273 - INFO - 开始爬取关键词：过敏原，目标图片数量：20
2025-08-12 17:40:50,965 - INFO - 关键词 过敏原 找到 15 张图片URL
2025-08-12 17:40:50,966 - INFO - 开始爬取关键词：无麸质，目标图片数量：20
2025-08-12 17:41:00,494 - INFO - 关键词 无麸质 找到 20 张图片URL
2025-08-12 17:41:00,495 - INFO - 开始爬取关键词：三分熟，目标图片数量：20
2025-08-12 17:41:10,121 - INFO - 关键词 三分熟 找到 13 张图片URL
2025-08-12 17:41:10,122 - INFO - 开始爬取关键词：无酒精的，目标图片数量：20
2025-08-12 17:41:19,868 - INFO - 关键词 无酒精的 找到 16 张图片URL
2025-08-12 17:41:19,869 - INFO - 开始爬取关键词：餐桌，目标图片数量：20
2025-08-12 17:41:29,540 - INFO - 关键词 餐桌 找到 19 张图片URL
2025-08-12 17:41:29,541 - INFO - 开始爬取关键词：餐椅，目标图片数量：20
2025-08-12 17:41:39,175 - INFO - 关键词 餐椅 找到 18 张图片URL
2025-08-12 17:41:39,176 - INFO - 开始爬取关键词：烛光，目标图片数量：20
2025-08-12 17:41:48,807 - INFO - 关键词 烛光 找到 17 张图片URL
2025-08-12 17:41:48,809 - INFO - 开始爬取关键词：餐巾，目标图片数量：20
2025-08-12 17:41:56,463 - INFO - 关键词 餐巾 找到 19 张图片URL
2025-08-12 17:41:56,464 - INFO - 开始爬取关键词：小费，目标图片数量：20
2025-08-12 17:42:06,148 - INFO - 关键词 小费 找到 16 张图片URL
2025-08-12 17:42:06,149 - INFO - 开始爬取关键词：服务费，目标图片数量：20
2025-08-12 17:42:15,745 - INFO - 关键词 服务费 找到 16 张图片URL
2025-08-12 17:42:15,746 - INFO - 开始爬取关键词：透气的，目标图片数量：20
2025-08-12 17:42:25,507 - INFO - 关键词 透气的 找到 18 张图片URL
2025-08-12 17:42:25,507 - INFO - 开始爬取关键词：吸汗的，目标图片数量：20
2025-08-12 17:42:37,168 - INFO - 关键词 吸汗的 找到 18 张图片URL
2025-08-12 17:42:37,169 - INFO - 开始爬取关键词：有弹力的，目标图片数量：20
2025-08-12 17:42:45,291 - INFO - 关键词 有弹力的 找到 20 张图片URL
2025-08-12 17:42:45,292 - INFO - 开始爬取关键词：速干的，目标图片数量：20
2025-08-12 17:42:54,973 - INFO - 关键词 速干的 找到 19 张图片URL
2025-08-12 17:42:54,974 - INFO - 开始爬取关键词：合身的，目标图片数量：20
2025-08-12 17:43:00,487 - INFO - 关键词 合身的 找到 5 张图片URL
2025-08-12 17:43:00,488 - INFO - 开始爬取关键词：贴身的，目标图片数量：20
2025-08-12 17:43:06,004 - INFO - 关键词 贴身的 找到 7 张图片URL
2025-08-12 17:43:06,005 - INFO - 开始爬取关键词：轻便的，目标图片数量：20
2025-08-12 17:43:13,683 - INFO - 关键词 轻便的 找到 17 张图片URL
2025-08-12 17:43:13,683 - INFO - 开始爬取关键词：舒适的，目标图片数量：20
2025-08-12 17:43:23,786 - INFO - 关键词 舒适的 找到 17 张图片URL
2025-08-12 17:43:23,787 - INFO - 开始爬取关键词：发烧，目标图片数量：20
2025-08-12 17:43:31,382 - INFO - 关键词 发烧 找到 12 张图片URL
2025-08-12 17:43:31,382 - INFO - 开始爬取关键词：咳嗽，目标图片数量：20
2025-08-12 17:43:40,956 - INFO - 关键词 咳嗽 找到 17 张图片URL
2025-08-12 17:43:40,957 - INFO - 开始爬取关键词：头痛，目标图片数量：20
2025-08-12 17:43:48,619 - INFO - 关键词 头痛 找到 17 张图片URL
2025-08-12 17:43:48,620 - INFO - 开始爬取关键词：肚子痛，目标图片数量：20
2025-08-12 17:43:56,405 - INFO - 关键词 肚子痛 找到 16 张图片URL
2025-08-12 17:43:56,405 - INFO - 开始爬取关键词：喉咙痛，目标图片数量：20
2025-08-12 17:44:06,117 - INFO - 关键词 喉咙痛 找到 18 张图片URL
2025-08-12 17:44:06,118 - INFO - 开始爬取关键词：乏力，目标图片数量：20
2025-08-12 17:44:15,690 - INFO - 关键词 乏力 找到 16 张图片URL
2025-08-12 17:44:15,690 - INFO - 开始爬取关键词：拉肚子，目标图片数量：20
2025-08-12 17:44:25,276 - INFO - 关键词 拉肚子 找到 17 张图片URL
2025-08-12 17:44:25,277 - INFO - 开始爬取关键词：中暑，目标图片数量：20
2025-08-12 17:44:35,093 - INFO - 关键词 中暑 找到 20 张图片URL
2025-08-12 17:44:35,093 - INFO - 开始爬取关键词：少油，目标图片数量：20
2025-08-12 17:44:44,848 - INFO - 关键词 少油 找到 18 张图片URL
2025-08-12 17:44:44,849 - INFO - 开始爬取关键词：微辣，目标图片数量：20
2025-08-12 17:44:54,490 - INFO - 关键词 微辣 找到 19 张图片URL
2025-08-12 17:44:54,490 - INFO - 开始爬取关键词：特辣，目标图片数量：20
2025-08-12 17:45:04,055 - INFO - 关键词 特辣 找到 20 张图片URL
2025-08-12 17:45:04,056 - INFO - 开始爬取关键词：清淡的，目标图片数量：20
2025-08-12 17:45:13,691 - INFO - 关键词 清淡的 找到 18 张图片URL
2025-08-12 17:45:13,691 - INFO - 开始爬取关键词：分开打包，目标图片数量：20
2025-08-12 17:45:23,316 - INFO - 关键词 分开打包 找到 15 张图片URL
2025-08-12 17:45:23,316 - INFO - 开始爬取关键词：加饭，目标图片数量：20
2025-08-12 17:45:32,461 - INFO - 关键词 加饭 找到 15 张图片URL
2025-08-12 17:45:32,461 - INFO - 开始爬取关键词：团体课，目标图片数量：20
2025-08-12 17:45:40,049 - INFO - 关键词 团体课 找到 17 张图片URL
2025-08-12 17:45:40,049 - INFO - 开始爬取关键词：私人教练，目标图片数量：20
2025-08-12 17:45:47,646 - INFO - 关键词 私人教练 找到 16 张图片URL
2025-08-12 17:45:47,647 - INFO - 开始爬取关键词：瑜伽，目标图片数量：20
2025-08-12 17:45:57,181 - INFO - 关键词 瑜伽 找到 16 张图片URL
2025-08-12 17:45:57,182 - INFO - 开始爬取关键词：普拉提，目标图片数量：20
2025-08-12 17:46:06,791 - INFO - 关键词 普拉提 找到 16 张图片URL
2025-08-12 17:46:06,791 - INFO - 开始爬取关键词：有氧操，目标图片数量：20
2025-08-12 17:46:14,545 - INFO - 关键词 有氧操 找到 19 张图片URL
2025-08-12 17:46:14,545 - INFO - 开始爬取关键词：减重，目标图片数量：20
2025-08-12 17:46:24,168 - INFO - 关键词 减重 找到 17 张图片URL
2025-08-12 17:46:24,169 - INFO - 开始爬取关键词：增肌，目标图片数量：20
2025-08-12 17:46:31,737 - INFO - 关键词 增肌 找到 17 张图片URL
2025-08-12 17:46:31,739 - INFO - 开始爬取关键词：塑形，目标图片数量：20
2025-08-12 17:46:41,315 - INFO - 关键词 塑形 找到 18 张图片URL
2025-08-12 17:46:41,316 - INFO - 开始爬取关键词：提升体能，目标图片数量：20
2025-08-12 17:46:50,938 - INFO - 关键词 提升体能 找到 16 张图片URL
2025-08-12 17:46:50,939 - INFO - 开始爬取关键词：改善体态，目标图片数量：20
2025-08-12 17:46:58,547 - INFO - 关键词 改善体态 找到 17 张图片URL
2025-08-12 17:46:58,547 - INFO - 开始爬取关键词：胸肌，目标图片数量：20
2025-08-12 17:47:04,079 - INFO - 关键词 胸肌 找到 3 张图片URL
2025-08-12 17:47:04,080 - INFO - 开始爬取关键词：肱二头肌，目标图片数量：20
2025-08-12 17:47:09,874 - INFO - 关键词 肱二头肌 找到 9 张图片URL
2025-08-12 17:47:09,874 - INFO - 开始爬取关键词：肱三头肌，目标图片数量：20
2025-08-12 17:47:15,463 - INFO - 关键词 肱三头肌 找到 8 张图片URL
2025-08-12 17:47:15,464 - INFO - 开始爬取关键词：腹肌，目标图片数量：20
2025-08-12 17:47:21,004 - INFO - 关键词 腹肌 找到 4 张图片URL
2025-08-12 17:47:21,005 - INFO - 开始爬取关键词：三角肌，目标图片数量：20
2025-08-12 17:47:26,594 - INFO - 关键词 三角肌 找到 10 张图片URL
2025-08-12 17:47:26,595 - INFO - 开始爬取关键词：臀肌，目标图片数量：20
2025-08-12 17:47:32,448 - INFO - 关键词 臀肌 找到 7 张图片URL
2025-08-12 17:47:32,448 - INFO - 开始爬取关键词：斜方肌，目标图片数量：20
2025-08-12 17:47:37,906 - INFO - 关键词 斜方肌 找到 10 张图片URL
2025-08-12 17:47:37,907 - INFO - 开始爬取关键词：背阔肌，目标图片数量：20
2025-08-12 17:47:43,470 - INFO - 关键词 背阔肌 找到 3 张图片URL
2025-08-12 17:47:43,471 - INFO - 开始爬取关键词：报失，目标图片数量：20
2025-08-12 17:47:53,146 - INFO - 关键词 报失 找到 16 张图片URL
2025-08-12 17:47:53,147 - INFO - 开始爬取关键词：监控，目标图片数量：20
2025-08-12 17:48:00,840 - INFO - 关键词 监控 找到 17 张图片URL
2025-08-12 17:48:00,841 - INFO - 开始爬取关键词：问询处，目标图片数量：20
2025-08-12 17:48:10,488 - INFO - 关键词 问询处 找到 18 张图片URL
2025-08-12 17:48:10,489 - INFO - 开始爬取关键词：失物招领处，目标图片数量：20
2025-08-12 17:48:20,209 - INFO - 关键词 失物招领处 找到 15 张图片URL
2025-08-12 17:48:20,209 - INFO - 开始爬取关键词：失主，目标图片数量：20
2025-08-12 17:48:29,790 - INFO - 关键词 失主 找到 18 张图片URL
2025-08-12 17:48:29,791 - INFO - 开始爬取关键词：拾获者，目标图片数量：20
2025-08-12 17:48:39,329 - INFO - 关键词 拾获者 找到 18 张图片URL
2025-08-12 17:48:39,329 - INFO - 开始爬取关键词：气球，目标图片数量：20
2025-08-12 17:48:48,964 - INFO - 关键词 气球 找到 16 张图片URL
2025-08-12 17:48:48,965 - INFO - 开始爬取关键词：彩带，目标图片数量：20
2025-08-12 17:48:59,606 - INFO - 关键词 彩带 找到 18 张图片URL
2025-08-12 17:48:59,606 - INFO - 开始爬取关键词：横幅，目标图片数量：20
2025-08-12 17:49:09,143 - INFO - 关键词 横幅 找到 17 张图片URL
2025-08-12 17:49:09,143 - INFO - 开始爬取关键词：生日帽，目标图片数量：20
2025-08-12 17:49:18,776 - INFO - 关键词 生日帽 找到 19 张图片URL
2025-08-12 17:49:18,777 - INFO - 开始爬取关键词：香槟，目标图片数量：20
2025-08-12 17:49:28,448 - INFO - 关键词 香槟 找到 18 张图片URL
2025-08-12 17:49:28,448 - INFO - 开始爬取关键词：贺卡，目标图片数量：20
2025-08-12 17:49:38,104 - INFO - 关键词 贺卡 找到 16 张图片URL
2025-08-12 17:49:38,105 - INFO - 开始爬取关键词：礼盒，目标图片数量：20
2025-08-12 17:49:47,859 - INFO - 关键词 礼盒 找到 19 张图片URL
2025-08-12 17:49:47,859 - INFO - 开始爬取关键词：拉花串，目标图片数量：20
2025-08-12 17:49:57,561 - INFO - 关键词 拉花串 找到 16 张图片URL
2025-08-12 17:49:57,562 - INFO - 开始爬取关键词：爆米花，目标图片数量：20
2025-08-12 17:50:07,216 - INFO - 关键词 爆米花 找到 18 张图片URL
2025-08-12 17:50:07,216 - INFO - 开始爬取关键词：3D眼镜，目标图片数量：20
2025-08-12 17:50:16,804 - INFO - 关键词 3D眼镜 找到 19 张图片URL
2025-08-12 17:50:16,804 - INFO - 开始爬取关键词：放映厅，目标图片数量：20
2025-08-12 17:50:26,391 - INFO - 关键词 放映厅 找到 20 张图片URL
2025-08-12 17:50:26,392 - INFO - 开始爬取关键词：音响，目标图片数量：20
2025-08-12 17:50:36,047 - INFO - 关键词 音响 找到 16 张图片URL
2025-08-12 17:50:36,048 - INFO - 开始爬取关键词：票根，目标图片数量：20
2025-08-12 17:50:45,639 - INFO - 关键词 票根 找到 15 张图片URL
2025-08-12 17:50:45,640 - INFO - 开始爬取关键词：检票口，目标图片数量：20
2025-08-12 17:50:53,278 - INFO - 关键词 检票口 找到 19 张图片URL
2025-08-12 17:50:53,278 - INFO - 开始爬取关键词：海报，目标图片数量：20
2025-08-12 17:51:02,821 - INFO - 关键词 海报 找到 20 张图片URL
2025-08-12 17:51:02,822 - INFO - 开始爬取关键词：食品售卖柜台，目标图片数量：20
2025-08-12 17:51:10,564 - INFO - 关键词 食品售卖柜台 找到 17 张图片URL
2025-08-12 17:51:10,565 - INFO - 开始爬取关键词：无糖，目标图片数量：20
2025-08-12 17:51:20,183 - INFO - 关键词 无糖 找到 13 张图片URL
2025-08-12 17:51:20,183 - INFO - 开始爬取关键词：微糖，目标图片数量：20
2025-08-12 17:51:29,758 - INFO - 关键词 微糖 找到 13 张图片URL
2025-08-12 17:51:29,758 - INFO - 开始爬取关键词：半糖，目标图片数量：20
2025-08-12 17:51:39,427 - INFO - 关键词 半糖 找到 15 张图片URL
2025-08-12 17:51:39,427 - INFO - 开始爬取关键词：少糖，目标图片数量：20
2025-08-12 17:51:49,045 - INFO - 关键词 少糖 找到 16 张图片URL
2025-08-12 17:51:49,046 - INFO - 开始爬取关键词：全糖，目标图片数量：20
2025-08-12 17:51:58,818 - INFO - 关键词 全糖 找到 16 张图片URL
2025-08-12 17:51:58,819 - INFO - 开始爬取关键词：去冰，目标图片数量：20
2025-08-12 17:52:08,552 - INFO - 关键词 去冰 找到 17 张图片URL
2025-08-12 17:52:08,553 - INFO - 开始爬取关键词：少冰，目标图片数量：20
2025-08-12 17:52:18,173 - INFO - 关键词 少冰 找到 11 张图片URL
2025-08-12 17:52:18,174 - INFO - 开始爬取关键词：正常冰，目标图片数量：20
2025-08-12 17:52:27,816 - INFO - 关键词 正常冰 找到 18 张图片URL
2025-08-12 17:52:27,816 - INFO - 开始爬取关键词：常温，目标图片数量：20
2025-08-12 17:52:37,426 - INFO - 关键词 常温 找到 14 张图片URL
2025-08-12 17:52:37,427 - INFO - 开始爬取关键词：热饮，目标图片数量：20
2025-08-12 17:52:47,015 - INFO - 关键词 热饮 找到 16 张图片URL
2025-08-12 17:52:47,015 - INFO - 开始爬取关键词：小杯，目标图片数量：20
2025-08-12 17:52:56,613 - INFO - 关键词 小杯 找到 17 张图片URL
2025-08-12 17:52:56,614 - INFO - 开始爬取关键词：中杯，目标图片数量：20
2025-08-12 17:53:06,237 - INFO - 关键词 中杯 找到 14 张图片URL
2025-08-12 17:53:06,237 - INFO - 开始爬取关键词：大杯，目标图片数量：20
2025-08-12 17:53:15,834 - INFO - 关键词 大杯 找到 16 张图片URL
2025-08-12 17:53:15,835 - INFO - 开始爬取关键词：超大杯，目标图片数量：20
2025-08-12 17:53:25,457 - INFO - 关键词 超大杯 找到 16 张图片URL
2025-08-12 17:53:25,458 - INFO - 开始爬取关键词：时尚的，目标图片数量：20
2025-08-12 17:53:35,077 - INFO - 关键词 时尚的 找到 18 张图片URL
2025-08-12 17:53:35,077 - INFO - 开始爬取关键词：精致的，目标图片数量：20
2025-08-12 17:53:44,805 - INFO - 关键词 精致的 找到 19 张图片URL
2025-08-12 17:53:44,805 - INFO - 开始爬取关键词：温和的，目标图片数量：20
2025-08-12 17:53:54,474 - INFO - 关键词 温和的 找到 18 张图片URL
2025-08-12 17:53:54,475 - INFO - 开始爬取关键词：迷人的，目标图片数量：20
2025-08-12 17:54:04,300 - INFO - 关键词 迷人的 找到 17 张图片URL
2025-08-12 17:54:04,301 - INFO - 开始爬取关键词：优雅的，目标图片数量：20
2025-08-12 17:54:14,276 - INFO - 关键词 优雅的 找到 19 张图片URL
2025-08-12 17:54:14,277 - INFO - 开始爬取关键词：真诚的，目标图片数量：20
2025-08-12 17:54:24,124 - INFO - 关键词 真诚的 找到 19 张图片URL
2025-08-12 17:54:24,125 - INFO - 开始爬取关键词：幽默的，目标图片数量：20
2025-08-12 17:54:33,774 - INFO - 关键词 幽默的 找到 17 张图片URL
2025-08-12 17:54:33,775 - INFO - 开始爬取关键词：期待已久的，目标图片数量：20
2025-08-12 17:54:43,428 - INFO - 关键词 期待已久的 找到 20 张图片URL
2025-08-12 17:54:43,428 - INFO - 开始爬取关键词：欢呼，目标图片数量：20
2025-08-12 17:54:53,140 - INFO - 关键词 欢呼 找到 18 张图片URL
2025-08-12 17:54:53,140 - INFO - 开始爬取关键词：心跳加速，目标图片数量：20
2025-08-12 17:55:02,756 - INFO - 关键词 心跳加速 找到 18 张图片URL
2025-08-12 17:55:02,757 - INFO - 开始爬取关键词：尖叫，目标图片数量：20
2025-08-12 17:55:12,649 - INFO - 关键词 尖叫 找到 16 张图片URL
2025-08-12 17:55:12,650 - INFO - 开始爬取关键词：手抖，目标图片数量：20
2025-08-12 17:55:20,274 - INFO - 关键词 手抖 找到 18 张图片URL
2025-08-12 17:55:20,275 - INFO - 开始爬取关键词：狂喜的，目标图片数量：20
2025-08-12 17:55:29,821 - INFO - 关键词 狂喜的 找到 18 张图片URL
2025-08-12 17:55:29,821 - INFO - 开始爬取关键词：过敏，目标图片数量：20
2025-08-12 17:55:39,453 - INFO - 关键词 过敏 找到 15 张图片URL
2025-08-12 17:55:39,453 - INFO - 开始爬取关键词：晕倒，目标图片数量：20
2025-08-12 17:55:49,036 - INFO - 关键词 晕倒 找到 18 张图片URL
2025-08-12 17:55:49,036 - INFO - 开始爬取关键词：抽搐，目标图片数量：20
2025-08-12 17:55:58,820 - INFO - 关键词 抽搐 找到 16 张图片URL
2025-08-12 17:55:58,820 - INFO - 开始爬取关键词：心梗，目标图片数量：20
2025-08-12 17:56:08,484 - INFO - 关键词 心梗 找到 17 张图片URL
2025-08-12 17:56:08,485 - INFO - 开始爬取关键词：呼吸困难，目标图片数量：20
2025-08-12 17:56:18,060 - INFO - 关键词 呼吸困难 找到 17 张图片URL
2025-08-12 17:56:18,061 - INFO - 开始爬取关键词：骨折，目标图片数量：20
2025-08-12 17:56:27,719 - INFO - 关键词 骨折 找到 16 张图片URL
2025-08-12 17:56:27,720 - INFO - 开始爬取关键词：中毒，目标图片数量：20
2025-08-12 17:56:37,381 - INFO - 关键词 中毒 找到 14 张图片URL
2025-08-12 17:56:37,381 - INFO - 开始爬取关键词：出血，目标图片数量：20
2025-08-12 17:56:46,918 - INFO - 关键词 出血 找到 14 张图片URL
2025-08-12 17:56:46,918 - INFO - 开始爬取关键词：地震，目标图片数量：20
2025-08-12 17:56:56,504 - INFO - 关键词 地震 找到 17 张图片URL
2025-08-12 17:56:56,504 - INFO - 开始爬取关键词：火灾，目标图片数量：20
2025-08-12 17:57:06,053 - INFO - 关键词 火灾 找到 17 张图片URL
2025-08-12 17:57:06,056 - INFO - 开始爬取关键词：坍塌，目标图片数量：20
2025-08-12 17:57:13,641 - INFO - 关键词 坍塌 找到 16 张图片URL
2025-08-12 17:57:13,642 - INFO - 开始爬取关键词：煤气泄漏，目标图片数量：20
2025-08-12 17:57:23,298 - INFO - 关键词 煤气泄漏 找到 19 张图片URL
2025-08-12 17:57:23,299 - INFO - 开始爬取关键词：触电，目标图片数量：20
2025-08-12 17:57:32,876 - INFO - 关键词 触电 找到 16 张图片URL
2025-08-12 17:57:32,877 - INFO - 开始爬取关键词：爆炸，目标图片数量：20
2025-08-12 17:57:42,597 - INFO - 关键词 爆炸 找到 17 张图片URL
2025-08-12 17:57:42,598 - INFO - 开始爬取关键词：车祸，目标图片数量：20
2025-08-12 17:57:50,194 - INFO - 关键词 车祸 找到 16 张图片URL
2025-08-12 17:57:50,195 - INFO - 开始爬取关键词：跟踪，目标图片数量：20
2025-08-12 17:57:59,768 - INFO - 关键词 跟踪 找到 17 张图片URL
2025-08-12 17:57:59,768 - INFO - 开始爬取关键词：盗窃，目标图片数量：20
2025-08-12 17:58:09,355 - INFO - 关键词 盗窃 找到 16 张图片URL
2025-08-12 17:58:09,355 - INFO - 开始爬取关键词：行凶，目标图片数量：20
2025-08-12 17:58:19,263 - INFO - 关键词 行凶 找到 18 张图片URL
2025-08-12 17:58:19,263 - INFO - 开始爬取关键词：蓄意破坏，目标图片数量：20
2025-08-12 17:58:29,132 - INFO - 关键词 蓄意破坏 找到 18 张图片URL
2025-08-12 17:58:29,132 - INFO - 开始爬取关键词：殴打，目标图片数量：20
2025-08-12 17:58:38,707 - INFO - 关键词 殴打 找到 13 张图片URL
2025-08-12 17:58:38,708 - INFO - 开始爬取关键词：诈骗，目标图片数量：20
2025-08-12 17:58:48,373 - INFO - 关键词 诈骗 找到 16 张图片URL
2025-08-12 17:58:48,374 - INFO - 开始爬取关键词：恐吓，目标图片数量：20
2025-08-12 17:58:57,994 - INFO - 关键词 恐吓 找到 17 张图片URL
2025-08-12 17:58:57,994 - INFO - 开始爬取关键词：绑架，目标图片数量：20
2025-08-12 17:59:05,582 - INFO - 关键词 绑架 找到 20 张图片URL
2025-08-12 17:59:05,582 - INFO - 开始爬取关键词：海岛，目标图片数量：20
2025-08-12 17:59:13,185 - INFO - 关键词 海岛 找到 20 张图片URL
2025-08-12 17:59:13,186 - INFO - 开始爬取关键词：温泉，目标图片数量：20
2025-08-12 17:59:22,854 - INFO - 关键词 温泉 找到 18 张图片URL
2025-08-12 17:59:22,854 - INFO - 开始爬取关键词：雪山，目标图片数量：20
2025-08-12 17:59:32,610 - INFO - 关键词 雪山 找到 17 张图片URL
2025-08-12 17:59:32,610 - INFO - 开始爬取关键词：沙漠，目标图片数量：20
2025-08-12 17:59:42,305 - INFO - 关键词 沙漠 找到 16 张图片URL
2025-08-12 17:59:42,305 - INFO - 开始爬取关键词：草原，目标图片数量：20
2025-08-12 17:59:51,975 - INFO - 关键词 草原 找到 19 张图片URL
2025-08-12 17:59:51,976 - INFO - 开始爬取关键词：度假村，目标图片数量：20
2025-08-12 18:00:01,556 - INFO - 关键词 度假村 找到 19 张图片URL
2025-08-12 18:00:01,556 - INFO - 开始爬取关键词：护照，目标图片数量：20
2025-08-12 18:00:11,227 - INFO - 关键词 护照 找到 16 张图片URL
2025-08-12 18:00:11,228 - INFO - 开始爬取关键词：证件照片，目标图片数量：20
2025-08-12 18:00:20,818 - INFO - 关键词 证件照片 找到 16 张图片URL
2025-08-12 18:00:20,819 - INFO - 开始爬取关键词：机票预订单，目标图片数量：20
2025-08-12 18:00:30,443 - INFO - 关键词 机票预订单 找到 14 张图片URL
2025-08-12 18:00:30,446 - INFO - 开始爬取关键词：酒店预订单，目标图片数量：20
2025-08-12 18:00:38,007 - INFO - 关键词 酒店预订单 找到 19 张图片URL
2025-08-12 18:00:38,007 - INFO - 开始爬取关键词：在读证明，目标图片数量：20
2025-08-12 18:00:47,560 - INFO - 关键词 在读证明 找到 13 张图片URL
2025-08-12 18:00:47,561 - INFO - 开始爬取关键词：在职证明，目标图片数量：20
2025-08-12 18:00:57,163 - INFO - 关键词 在职证明 找到 16 张图片URL
2025-08-12 18:00:57,163 - INFO - 开始爬取关键词：存款证明，目标图片数量：20
2025-08-12 18:01:06,769 - INFO - 关键词 存款证明 找到 13 张图片URL
2025-08-12 18:01:06,770 - INFO - 开始爬取关键词：收入证明，目标图片数量：20
2025-08-12 18:01:16,370 - INFO - 关键词 收入证明 找到 15 张图片URL
2025-08-12 18:01:16,371 - INFO - 开始爬取关键词：担保函，目标图片数量：20
2025-08-12 18:01:26,180 - INFO - 关键词 担保函 找到 16 张图片URL
2025-08-12 18:01:26,181 - INFO - 开始爬取关键词：资金证明，目标图片数量：20
2025-08-12 18:01:38,059 - INFO - 关键词 资金证明 找到 17 张图片URL
2025-08-12 18:01:38,060 - INFO - 开始爬取关键词：充电宝，目标图片数量：20
2025-08-12 18:01:47,931 - INFO - 关键词 充电宝 找到 20 张图片URL
2025-08-12 18:01:47,932 - INFO - 开始爬取关键词：信用卡，目标图片数量：20
2025-08-12 18:01:57,791 - INFO - 关键词 信用卡 找到 17 张图片URL
2025-08-12 18:01:57,792 - INFO - 开始爬取关键词：泳衣，目标图片数量：20
2025-08-12 18:02:07,509 - INFO - 关键词 泳衣 找到 17 张图片URL
2025-08-12 18:02:07,510 - INFO - 开始爬取关键词：化妆包，目标图片数量：20
2025-08-12 18:02:17,320 - INFO - 关键词 化妆包 找到 18 张图片URL
2025-08-12 18:02:17,321 - INFO - 开始爬取关键词：洗漱包，目标图片数量：20
2025-08-12 18:02:24,890 - INFO - 关键词 洗漱包 找到 16 张图片URL
2025-08-12 18:02:24,890 - INFO - 开始爬取关键词：折叠衣架，目标图片数量：20
2025-08-12 18:02:30,624 - INFO - 关键词 折叠衣架 找到 11 张图片URL
2025-08-12 18:02:30,624 - INFO - 开始爬取关键词：行李箱，目标图片数量：20
2025-08-12 18:02:40,187 - INFO - 关键词 行李箱 找到 17 张图片URL
2025-08-12 18:02:40,188 - INFO - 开始爬取关键词：护照夹，目标图片数量：20
2025-08-12 18:02:50,020 - INFO - 关键词 护照夹 找到 16 张图片URL
2025-08-12 18:02:50,020 - INFO - 开始爬取关键词：晕车药，目标图片数量：20
2025-08-12 18:02:59,674 - INFO - 关键词 晕车药 找到 15 张图片URL
2025-08-12 18:02:59,674 - INFO - 开始爬取关键词：相机，目标图片数量：20
2025-08-12 18:03:09,252 - INFO - 关键词 相机 找到 13 张图片URL
2025-08-12 18:03:09,253 - INFO - 开始爬取关键词：转换插头，目标图片数量：20
2025-08-12 18:03:16,972 - INFO - 关键词 转换插头 找到 15 张图片URL
2025-08-12 18:03:23,282 - INFO - 爬取完成，所有图片URL已保存到 image_urls.txt
